SCRIPT: orig_chart4.sql
01/29/2015 08:00:00 1422493200 to 01/30/2015 08:00:00 1422579600
equip_id	lane_no	stage_no	total_down_time	prev_proc_wait_time	next_proc_wait_time	singl_cycl_stop_time	chip_supp_wait_time	sldr_ctr_wait_time	sldr_snsr_wait_time	cln_paper_wait_time	brcg_time	cperr_count	dataedit	mente	othrstop_count	prodview	unitadjust	real_run_time
1012	1	1	44335	3912	37216	750	666	0	0	0	0	0	0	0	0	0	0	61222
1012	1	2	30401	3481	20602	512	4514	0	0	0	0	0	0	0	0	0	0	46142
1014	1	1	44486	17630	6676	421	8847	0	0	0	0	0	0	0	0	0	0	63743
1014	1	2	40757	25961	4390	379	725	0	0	0	0	0	0	0	0	0	0	33615
equipment_id	lane_no	stage_no	total_down_time	prev_proc_wait_time	next_proc_wait_time	singl_cycl_stop_time	chip_supp_wait_time	sldr_ctr_wait_time	sldr_snsr_wait_time	cln_paper_wait_time	brcg_time	cperr_count	dataedit	mente	othrstop_count	prodview	unitadjust	real_run_time	last_col
1012	1	1	526	2	524	0	0	0	0	0	0	0	0	0	0	0	0	79	NULL
1012	1	1	98	1	5	0	0	0	0	0	0	0	0	0	0	0	0	321	NULL
1012	1	1	336	0	336	0	0	0	0	0	0	0	0	0	0	0	0	80	NULL
1012	1	1	158	0	158	0	0	0	0	0	0	0	0	0	0	0	0	71	NULL
1012	1	1	443	1	442	0	0	0	0	0	0	0	0	0	0	0	0	147	NULL
1012	1	1	108	0	108	0	0	0	0	0	0	0	0	0	0	0	0	106	NULL
1012	1	1	168	12	156	0	0	0	0	0	0	0	0	0	0	0	0	125	NULL
1012	1	1	510	3	341	0	0	0	0	0	0	0	0	0	0	0	0	82	NULL
1012	1	1	96	0	96	0	0	0	0	0	0	0	0	0	0	0	0	71	NULL
1012	1	1	6	1	5	0	0	0	0	0	0	0	0	0	0	0	0	34	NULL
1012	1	1	910	1	909	0	0	0	0	0	0	0	0	0	0	0	0	43	NULL
1012	1	1	149	0	149	0	0	0	0	0	0	0	0	0	0	0	0	106	NULL
1012	1	1	221	3	5	0	169	0	0	0	0	0	0	0	0	0	0	117	NULL
1012	1	1	161	5	156	0	0	0	0	0	0	0	0	0	0	0	0	99	NULL
1012	1	1	274	5	213	0	0	0	0	0	0	0	0	0	0	0	0	208	NULL
1012	1	1	48	5	43	0	0	0	0	0	0	0	0	0	0	0	0	240	NULL
1012	1	1	16	0	16	0	0	0	0	0	0	0	0	0	0	0	0	105	NULL
1012	1	1	423	1	422	0	0	0	0	0	0	0	0	0	0	0	0	78	NULL
1012	1	1	94	3	91	0	0	0	0	0	0	0	0	0	0	0	0	138	NULL
1012	1	1	229	0	229	0	0	0	0	0	0	0	0	0	0	0	0	71	NULL
1012	1	1	182	10	172	0	0	0	0	0	0	0	0	0	0	0	0	164	NULL
1012	1	1	5	0	5	0	0	0	0	0	0	0	0	0	0	0	0	34	NULL
1012	1	1	171	1	23	0	0	0	0	0	0	0	0	0	0	0	0	152	NULL
1012	1	1	171	3	168	0	0	0	0	0	0	0	0	0	0	0	0	287	NULL
1012	1	1	27	0	27	0	0	0	0	0	0	0	0	0	0	0	0	220	NULL
1012	1	1	235	1	234	0	0	0	0	0	0	0	0	0	0	0	0	70	NULL
1012	1	1	126	1	125	0	0	0	0	0	0	0	0	0	0	0	0	139	NULL
1012	1	1	1955	1	1868	0	0	0	0	0	0	0	0	0	0	0	0	163	NULL
1012	1	1	36	2	34	0	0	0	0	0	0	0	0	0	0	0	0	291	NULL
1012	1	1	35	3	32	0	0	0	0	0	0	0	0	0	0	0	0	242	NULL
1012	1	1	196	3	193	0	0	0	0	0	0	0	0	0	0	0	0	148	NULL
1012	1	1	134	25	109	0	0	0	0	0	0	0	0	0	0	0	0	140	NULL
1012	1	1	27	9	18	0	0	0	0	0	0	0	0	0	0	0	0	315	NULL
1012	1	1	36	4	32	0	0	0	0	0	0	0	0	0	0	0	0	242	NULL
1012	1	1	45	9	36	0	0	0	0	0	0	0	0	0	0	0	0	271	NULL
1012	1	1	24	0	24	0	0	0	0	0	0	0	0	0	0	0	0	185	NULL
1012	1	1	228	7	221	0	0	0	0	0	0	0	0	0	0	0	0	167	NULL
1012	1	1	68	59	9	0	0	0	0	0	0	0	0	0	0	0	0	204	NULL
1012	1	1	22	7	15	0	0	0	0	0	0	0	0	0	0	0	0	303	NULL
1012	1	1	43	9	34	0	0	0	0	0	0	0	0	0	0	0	0	236	NULL
1012	1	1	40	3	37	0	0	0	0	0	0	0	0	0	0	0	0	287	NULL
1012	1	1	63	6	57	0	0	0	0	0	0	0	0	0	0	0	0	238	NULL
1012	1	1	44	6	38	0	0	0	0	0	0	0	0	0	0	0	0	237	NULL
1012	1	1	189	6	183	0	0	0	0	0	0	0	0	0	0	0	0	100	NULL
1012	1	1	45	6	39	0	0	0	0	0	0	0	0	0	0	0	0	272	NULL
1012	1	1	40	8	32	0	0	0	0	0	0	0	0	0	0	0	0	237	NULL
1012	1	1	172	2	170	0	0	0	0	0	0	0	0	0	0	0	0	138	NULL
1012	1	1	129	3	126	0	0	0	0	0	0	0	0	0	0	0	0	181	NULL
1012	1	1	69	7	62	0	0	0	0	0	0	0	0	0	0	0	0	241	NULL
1012	1	1	36	4	32	0	0	0	0	0	0	0	0	0	0	0	0	243	NULL
1012	1	1	39	6	33	0	0	0	0	0	0	0	0	0	0	0	0	276	NULL
1012	1	1	128	9	119	0	0	0	0	0	0	0	0	0	0	0	0	131	NULL
1012	1	1	51	41	10	0	0	0	0	0	0	0	0	0	0	0	0	233	NULL
1012	1	1	39	6	33	0	0	0	0	0	0	0	0	0	0	0	0	309	NULL
1012	1	1	39	7	32	0	0	0	0	0	0	0	0	0	0	0	0	238	NULL
1012	1	1	102	7	95	0	0	0	0	0	0	0	0	0	0	0	0	240	NULL
1012	1	1	87	7	28	52	0	0	0	0	0	0	0	0	0	0	0	205	NULL
1012	1	1	55	4	51	0	0	0	0	0	0	0	0	0	0	0	0	217	NULL
1012	1	1	47	13	34	0	0	0	0	0	0	0	0	0	0	0	0	267	NULL
1012	1	1	25	5	20	0	0	0	0	0	0	0	0	0	0	0	0	134	NULL
1012	1	1	217	156	22	39	0	0	0	0	0	0	0	0	0	0	0	208	NULL
1012	1	1	32	10	22	0	0	0	0	0	0	0	0	0	0	0	0	235	NULL
1012	1	1	110	7	5	0	98	0	0	0	0	0	0	0	0	0	0	208	NULL
1012	1	1	79	26	26	27	0	0	0	0	0	0	0	0	0	0	0	235	NULL
1012	1	1	27	4	23	0	0	0	0	0	0	0	0	0	0	0	0	276	NULL
1012	1	1	167	0	46	121	0	0	0	0	0	0	0	0	0	0	0	144	NULL
1012	1	1	108	6	102	0	0	0	0	0	0	0	0	0	0	0	0	205	NULL
1012	1	1	84	4	80	0	0	0	0	0	0	0	0	0	0	0	0	217	NULL
1012	1	1	100	79	21	0	0	0	0	0	0	0	0	0	0	0	0	207	NULL
1012	1	1	15	12	3	0	0	0	0	0	0	0	0	0	0	0	0	233	NULL
1012	1	1	30	3	27	0	0	0	0	0	0	0	0	0	0	0	0	277	NULL
1012	1	1	23	0	23	0	0	0	0	0	0	0	0	0	0	0	0	175	NULL
1012	1	1	174	3	128	0	0	0	0	0	0	0	0	0	0	0	0	244	NULL
1012	1	1	428	6	388	0	0	0	0	0	0	0	0	0	0	0	0	180	NULL
1012	1	1	109	4	105	0	0	0	0	0	0	0	0	0	0	0	0	136	NULL
1012	1	1	212	3	209	0	0	0	0	0	0	0	0	0	0	0	0	137	NULL
1012	1	1	24	0	24	0	0	0	0	0	0	0	0	0	0	0	0	107	NULL
1012	1	1	19	0	19	0	0	0	0	0	0	0	0	0	0	0	0	139	NULL
1012	1	1	4	0	4	0	0	0	0	0	0	0	0	0	0	0	0	37	NULL
1012	1	1	44	10	34	0	0	0	0	0	0	0	0	0	0	0	0	233	NULL
1012	1	1	104	9	95	0	0	0	0	0	0	0	0	0	0	0	0	201	NULL
1012	1	1	147	5	142	0	0	0	0	0	0	0	0	0	0	0	0	170	NULL
1012	1	1	77	9	68	0	0	0	0	0	0	0	0	0	0	0	0	199	NULL
1012	1	1	22	3	19	0	0	0	0	0	0	0	0	0	0	0	0	138	NULL
1012	1	1	134	127	7	0	0	0	0	0	0	0	0	0	0	0	0	300	NULL
1012	1	1	35	5	30	0	0	0	0	0	0	0	0	0	0	0	0	285	NULL
1012	1	1	22	10	12	0	0	0	0	0	0	0	0	0	0	0	0	97	NULL
1012	1	1	176	4	172	0	0	0	0	0	0	0	0	0	0	0	0	104	NULL
1012	1	1	407	0	407	0	0	0	0	0	0	0	0	0	0	0	0	80	NULL
1012	1	1	191	3	188	0	0	0	0	0	0	0	0	0	0	0	0	31	NULL
1012	1	1	280	0	280	0	0	0	0	0	0	0	0	0	0	0	0	45	NULL
1012	1	1	189	7	182	0	0	0	0	0	0	0	0	0	0	0	0	169	NULL
1012	1	1	41	9	32	0	0	0	0	0	0	0	0	0	0	0	0	274	NULL
1012	1	1	40	9	31	0	0	0	0	0	0	0	0	0	0	0	0	237	NULL
1012	1	1	356	349	7	0	0	0	0	0	0	0	0	0	0	0	0	141	NULL
1012	1	1	589	586	0	3	0	0	0	0	0	0	0	0	0	0	0	98	NULL
1012	1	1	1	1	0	0	0	0	0	0	0	0	0	0	0	0	0	69	NULL
1012	1	1	366	7	359	0	0	0	0	0	0	0	0	0	0	0	0	142	NULL
1012	1	1	24	4	20	0	0	0	0	0	0	0	0	0	0	0	0	136	NULL
1012	1	1	241	6	235	0	0	0	0	0	0	0	0	0	0	0	0	211	NULL
1012	1	1	5	0	5	0	0	0	0	0	0	0	0	0	0	0	0	35	NULL
1012	1	1	311	0	311	0	0	0	0	0	0	0	0	0	0	0	0	115	NULL
1012	1	1	433	2	431	0	0	0	0	0	0	0	0	0	0	0	0	148	NULL
1012	1	1	48	0	40	8	0	0	0	0	0	0	0	0	0	0	0	175	NULL
1012	1	1	132	1	131	0	0	0	0	0	0	0	0	0	0	0	0	33	NULL
1012	1	1	45	8	37	0	0	0	0	0	0	0	0	0	0	0	0	272	NULL
1012	1	1	49	12	37	0	0	0	0	0	0	0	0	0	0	0	0	268	NULL
1012	1	1	37	4	33	0	0	0	0	0	0	0	0	0	0	0	0	244	NULL
1012	1	1	32	0	32	0	0	0	0	0	0	0	0	0	0	0	0	217	NULL
1012	1	1	51	4	47	0	0	0	0	0	0	0	0	0	0	0	0	313	NULL
1012	1	1	9	0	9	0	0	0	0	0	0	0	0	0	0	0	0	70	NULL
1012	1	1	294	3	291	0	0	0	0	0	0	0	0	0	0	0	0	214	NULL
1012	1	1	45	5	40	0	0	0	0	0	0	0	0	0	0	0	0	275	NULL
1012	1	1	11	0	11	0	0	0	0	0	0	0	0	0	0	0	0	68	NULL
1012	1	1	220	3	217	0	0	0	0	0	0	0	0	0	0	0	0	32	NULL
1012	1	1	355	4	225	0	0	0	0	0	0	0	0	0	0	0	0	212	NULL
1012	1	1	645	7	638	0	0	0	0	0	0	0	0	0	0	0	0	247	NULL
1012	1	1	38	6	32	0	0	0	0	0	0	0	0	0	0	0	0	201	NULL
1012	1	1	153	3	150	0	0	0	0	0	0	0	0	0	0	0	0	33	NULL
1012	1	1	48	2	17	0	0	0	0	0	0	0	0	0	0	0	0	169	NULL
1012	1	1	340	1	339	0	0	0	0	0	0	0	0	0	0	0	0	79	NULL
1012	1	1	5	0	5	0	0	0	0	0	0	0	0	0	0	0	0	35	NULL
1012	1	1	574	2	572	0	0	0	0	0	0	0	0	0	0	0	0	254	NULL
1012	1	1	227	0	227	0	0	0	0	0	0	0	0	0	0	0	0	104	NULL
1012	1	1	37	3	34	0	0	0	0	0	0	0	0	0	0	0	0	251	NULL
1012	1	1	65	4	61	0	0	0	0	0	0	0	0	0	0	0	0	241	NULL
1012	1	1	84	2	82	0	0	0	0	0	0	0	0	0	0	0	0	68	NULL
1012	1	1	357	1	112	88	156	0	0	0	0	0	0	0	0	0	0	87	NULL
1012	1	1	15	12	3	0	0	0	0	0	0	0	0	0	0	0	0	268	NULL
1012	1	1	95	1	94	0	0	0	0	0	0	0	0	0	0	0	0	243	NULL
1012	1	1	21	2	19	0	0	0	0	0	0	0	0	0	0	0	0	138	NULL
1012	1	1	482	6	476	0	0	0	0	0	0	0	0	0	0	0	0	109	NULL
1012	1	1	408	0	408	0	0	0	0	0	0	0	0	0	0	0	0	44	NULL
1012	1	1	40	7	33	0	0	0	0	0	0	0	0	0	0	0	0	238	NULL
1012	1	1	190	1	189	0	0	0	0	0	0	0	0	0	0	0	0	103	NULL
1012	1	1	781	498	7	3	0	0	0	0	0	0	0	0	0	0	0	502	NULL
1012	1	1	6	4	2	0	0	0	0	0	0	0	0	0	0	0	0	182	NULL
1012	1	1	113	0	113	0	0	0	0	0	0	0	0	0	0	0	0	105	NULL
1012	1	1	103	0	103	0	0	0	0	0	0	0	0	0	0	0	0	94	NULL
1012	1	1	268	0	244	0	0	0	0	0	0	0	0	0	0	0	0	317	NULL
1012	1	1	14	1	13	0	0	0	0	0	0	0	0	0	0	0	0	195	NULL
1012	1	1	13	1	12	0	0	0	0	0	0	0	0	0	0	0	0	385	NULL
1012	1	1	22	16	6	0	0	0	0	0	0	0	0	0	0	0	0	193	NULL
1012	1	1	72	0	72	0	0	0	0	0	0	0	0	0	0	0	0	187	NULL
1012	1	1	99	3	96	0	0	0	0	0	0	0	0	0	0	0	0	382	NULL
1012	1	1	26	6	20	0	0	0	0	0	0	0	0	0	0	0	0	274	NULL
1012	1	1	15	2	13	0	0	0	0	0	0	0	0	0	0	0	0	279	NULL
1012	1	1	14	4	10	0	0	0	0	0	0	0	0	0	0	0	0	184	NULL
1012	1	1	20	7	13	0	0	0	0	0	0	0	0	0	0	0	0	381	NULL
1012	1	1	16	1	15	0	0	0	0	0	0	0	0	0	0	0	0	185	NULL
1012	1	1	13	1	12	0	0	0	0	0	0	0	0	0	0	0	0	280	NULL
1012	1	1	68	9	18	0	0	0	0	0	0	0	0	0	0	0	0	367	NULL
1012	1	1	13	3	10	0	0	0	0	0	0	0	0	0	0	0	0	288	NULL
1012	1	1	16	0	16	0	0	0	0	0	0	0	0	0	0	0	0	187	NULL
1012	1	1	16	1	15	0	0	0	0	0	0	0	0	0	0	0	0	280	NULL
1012	1	1	34	1	26	7	0	0	0	0	0	0	0	0	0	0	0	209	NULL
1012	1	1	14	0	14	0	0	0	0	0	0	0	0	0	0	0	0	186	NULL
1012	1	1	279	0	279	0	0	0	0	0	0	0	0	0	0	0	0	290	NULL
1012	1	1	6	0	6	0	0	0	0	0	0	0	0	0	0	0	0	104	NULL
1012	1	1	7	1	6	0	0	0	0	0	0	0	0	0	0	0	0	419	NULL
1012	1	1	313	3	305	5	0	0	0	0	0	0	0	0	0	0	0	181	NULL
1012	1	1	236	0	236	0	0	0	0	0	0	0	0	0	0	0	0	97	NULL
1012	1	1	200	0	197	3	0	0	0	0	0	0	0	0	0	0	0	283	NULL
1012	1	1	142	0	142	0	0	0	0	0	0	0	0	0	0	0	0	186	NULL
1012	1	1	43	2	41	0	0	0	0	0	0	0	0	0	0	0	0	261	NULL
1012	1	1	30	3	27	0	0	0	0	0	0	0	0	0	0	0	0	181	NULL
1012	1	1	158	6	152	0	0	0	0	0	0	0	0	0	0	0	0	169	NULL
1012	1	1	26	5	21	0	0	0	0	0	0	0	0	0	0	0	0	181	NULL
1012	1	1	228	5	223	0	0	0	0	0	0	0	0	0	0	0	0	171	NULL
1012	1	1	121	8	113	0	0	0	0	0	0	0	0	0	0	0	0	254	NULL
1012	1	1	47	9	38	0	0	0	0	0	0	0	0	0	0	0	0	264	NULL
1012	1	1	39	9	30	0	0	0	0	0	0	0	0	0	0	0	0	254	NULL
1012	1	1	29	6	23	0	0	0	0	0	0	0	0	0	0	0	0	169	NULL
1012	1	1	85	1	46	38	0	0	0	0	0	0	0	0	0	0	0	282	NULL
1012	1	1	378	0	351	0	0	0	0	0	0	0	0	0	0	0	0	188	NULL
1012	1	1	23	2	21	0	0	0	0	0	0	0	0	0	0	0	0	189	NULL
1012	1	1	14	0	14	0	0	0	0	0	0	0	0	0	0	0	0	281	NULL
1012	1	1	13	3	10	0	0	0	0	0	0	0	0	0	0	0	0	291	NULL
1012	1	1	13	1	12	0	0	0	0	0	0	0	0	0	0	0	0	283	NULL
1012	1	1	33	3	30	0	0	0	0	0	0	0	0	0	0	0	0	278	NULL
1012	1	1	9	1	8	0	0	0	0	0	0	0	0	0	0	0	0	283	NULL
1012	1	1	12	1	11	0	0	0	0	0	0	0	0	0	0	0	0	291	NULL
1012	1	1	14	6	8	0	0	0	0	0	0	0	0	0	0	0	0	183	NULL
1012	1	1	4	0	4	0	0	0	0	0	0	0	0	0	0	0	0	94	NULL
1012	1	1	144	0	144	0	0	0	0	0	0	0	0	0	0	0	0	319	NULL
1012	1	1	372	2	317	53	0	0	0	0	0	0	0	0	0	0	0	69	NULL
1012	1	1	192	0	192	0	0	0	0	0	0	0	0	0	0	0	0	44	NULL
1012	1	1	278	3	275	0	0	0	0	0	0	0	0	0	0	0	0	74	NULL
1012	1	1	149	7	142	0	0	0	0	0	0	0	0	0	0	0	0	161	NULL
1012	1	1	92	9	83	0	0	0	0	0	0	0	0	0	0	0	0	228	NULL
1012	1	1	58	3	55	0	0	0	0	0	0	0	0	0	0	0	0	66	NULL
1012	1	1	159	3	128	0	0	0	0	0	0	0	0	0	0	0	0	130	NULL
1012	1	1	14	2	12	0	0	0	0	0	0	0	0	0	0	0	0	134	NULL
1012	1	1	312	2	310	0	0	0	0	0	0	0	0	0	0	0	0	144	NULL
1012	1	1	24	2	22	0	0	0	0	0	0	0	0	0	0	0	0	278	NULL
1012	1	1	65	2	6	0	0	0	0	0	0	0	0	0	0	0	0	219	NULL
1012	1	1	12	8	4	0	0	0	0	0	0	0	0	0	0	0	0	254	NULL
1012	1	1	125	28	97	0	0	0	0	0	0	0	0	0	0	0	0	243	NULL
1012	1	1	0	0	0	0	0	0	0	0	0	0	0	0	0	0	0	109	NULL
1012	1	1	249	5	198	46	0	0	0	0	0	0	0	0	0	0	0	223	NULL
1012	1	1	71	15	56	0	0	0	0	0	0	0	0	0	0	0	0	205	NULL
1012	1	1	12	7	5	0	0	0	0	0	0	0	0	0	0	0	0	281	NULL
1012	1	1	160	14	146	0	0	0	0	0	0	0	0	0	0	0	0	167	NULL
1012	1	1	15	12	3	0	0	0	0	0	0	0	0	0	0	0	0	275	NULL
1012	1	1	3	3	0	0	0	0	0	0	0	0	0	0	0	0	0	73	NULL
1012	1	1	392	159	233	0	0	0	0	0	0	0	0	0	0	0	0	121	NULL
1012	1	1	0	0	0	0	0	0	0	0	0	0	0	0	0	0	0	196	NULL
1012	1	1	46	0	46	0	0	0	0	0	0	0	0	0	0	0	0	34	NULL
1012	1	1	370	0	370	0	0	0	0	0	0	0	0	0	0	0	0	81	NULL
1012	1	1	211	4	207	0	0	0	0	0	0	0	0	0	0	0	0	142	NULL
1012	1	1	1074	2	1069	3	0	0	0	0	0	0	0	0	0	0	0	134	NULL
1012	1	1	13917	1035	11867	254	156	0	0	0	0	0	0	0	0	0	0	21624	NULL
1012	1	1	33	7	26	0	0	0	0	0	0	0	0	0	0	0	0	164	NULL
1012	1	1	0	0	0	0	0	0	0	0	0	0	0	0	0	0	0	0	NULL
1012	1	1	0	0	0	0	0	0	0	0	0	0	0	0	0	0	0	0	NULL
1012	1	1	0	0	0	0	0	0	0	0	0	0	0	0	0	0	0	0	NULL
1012	1	1	0	0	0	0	0	0	0	0	0	0	0	0	0	0	0	0	NULL
1012	1	1	0	0	0	0	0	0	0	0	0	0	0	0	0	0	0	0	NULL
1012	1	1	0	0	0	0	0	0	0	0	0	0	0	0	0	0	0	0	NULL
1012	1	1	0	0	0	0	0	0	0	0	0	0	0	0	0	0	0	0	NULL
1012	1	1	0	0	0	0	0	0	0	0	0	0	0	0	0	0	0	0	NULL
1012	1	1	0	0	0	0	0	0	0	0	0	0	0	0	0	0	0	0	NULL
1012	1	1	0	0	0	0	0	0	0	0	0	0	0	0	0	0	0	0	NULL
1012	1	1	0	0	0	0	0	0	0	0	0	0	0	0	0	0	0	0	NULL
1012	1	1	0	0	0	0	0	0	0	0	0	0	0	0	0	0	0	0	NULL
1012	1	1	0	0	0	0	0	0	0	0	0	0	0	0	0	0	0	0	NULL
1012	1	1	0	0	0	0	0	0	0	0	0	0	0	0	0	0	0	0	NULL
1012	1	1	0	0	0	0	0	0	0	0	0	0	0	0	0	0	0	0	NULL
1012	1	1	0	0	0	0	87	0	0	0	0	0	0	0	0	0	0	0	NULL
1012	1	1	0	0	0	0	0	0	0	0	0	0	0	0	0	0	0	0	NULL
1012	1	1	0	0	0	0	0	0	0	0	0	0	0	0	0	0	0	0	NULL
1012	1	1	0	0	0	0	0	0	0	0	0	0	0	0	0	0	0	0	NULL
1012	1	2	120	120	0	0	0	0	0	0	0	0	0	0	0	0	0	135	NULL
1012	1	2	179	2	4	0	173	0	0	0	0	0	0	0	0	0	0	79	NULL
1012	1	2	18	5	13	0	0	0	0	0	0	0	0	0	0	0	0	177	NULL
1012	1	2	297	243	0	0	0	0	0	0	0	0	0	0	0	0	0	188	NULL
1012	1	2	131	2	2	0	127	0	0	0	0	0	0	0	0	0	0	108	NULL
1012	1	2	48	4	44	0	0	0	0	0	0	0	0	0	0	0	0	141	NULL
1012	1	2	317	0	317	0	0	0	0	0	0	0	0	0	0	0	0	86	NULL
1012	1	2	264	2	0	0	206	0	0	0	0	0	0	0	0	0	0	80	NULL
1012	1	2	89	0	89	0	0	0	0	0	0	0	0	0	0	0	0	153	NULL
1012	1	2	6	4	2	0	0	0	0	0	0	0	0	0	0	0	0	139	NULL
1012	1	2	118	7	111	0	0	0	0	0	0	0	0	0	0	0	0	191	NULL
1012	1	2	383	0	7	0	376	0	0	0	0	0	0	0	0	0	0	88	NULL
1012	1	2	229	0	229	0	0	0	0	0	0	0	0	0	0	0	0	75	NULL
1012	1	2	14	0	14	0	0	0	0	0	0	0	0	0	0	0	0	114	NULL
1012	1	2	78	1	77	0	0	0	0	0	0	0	0	0	0	0	0	263	NULL
1012	1	2	24	2	22	0	0	0	0	0	0	0	0	0	0	0	0	220	NULL
1012	1	2	236	0	236	0	0	0	0	0	0	0	0	0	0	0	0	76	NULL
1012	1	2	295	0	295	0	0	0	0	0	0	0	0	0	0	0	0	48	NULL
1012	1	2	5	2	3	0	0	0	0	0	0	0	0	0	0	0	0	260	NULL
1012	1	2	228	2	226	0	0	0	0	0	0	0	0	0	0	0	0	122	NULL
1012	1	2	116	0	116	0	0	0	0	0	0	0	0	0	0	0	0	200	NULL
1012	1	2	221	0	221	0	0	0	0	0	0	0	0	0	0	0	0	76	NULL
1012	1	2	33	0	33	0	0	0	0	0	0	0	0	0	0	0	0	265	NULL
1012	1	2	14	1	13	0	0	0	0	0	0	0	0	0	0	0	0	187	NULL
1012	1	2	18	0	2	16	0	0	0	0	0	0	0	0	0	0	0	37	NULL
1012	1	2	1087	0	1083	4	0	0	0	0	0	0	0	0	0	0	0	107	NULL
1012	1	2	128	0	128	0	0	0	0	0	0	0	0	0	0	0	0	160	NULL
1012	1	2	426	0	426	0	0	0	0	0	0	0	0	0	0	0	0	127	NULL
1012	1	2	41	0	41	0	0	0	0	0	0	0	0	0	0	0	0	38	NULL
1012	1	2	66	66	0	0	0	0	0	0	0	0	0	0	0	0	0	70	NULL
1012	1	2	402	1	401	0	0	0	0	0	0	0	0	0	0	0	0	47	NULL
1012	1	2	4	2	2	0	0	0	0	0	0	0	0	0	0	0	0	116	NULL
1012	1	2	11	10	1	0	0	0	0	0	0	0	0	0	0	0	0	280	NULL
1012	1	2	147	4	143	0	0	0	0	0	0	0	0	0	0	0	0	177	NULL
1012	1	2	5	5	0	0	0	0	0	0	0	0	0	0	0	0	0	289	NULL
1012	1	2	58	5	4	0	49	0	0	0	0	0	0	0	0	0	0	217	NULL
1012	1	2	89	6	83	0	0	0	0	0	0	0	0	0	0	0	0	223	NULL
1012	1	2	181	3	132	46	0	0	0	0	0	0	0	0	0	0	0	108	NULL
1012	1	2	107	6	101	0	0	0	0	0	0	0	0	0	0	0	0	244	NULL
1012	1	2	8	8	0	0	0	0	0	0	0	0	0	0	0	0	0	258	NULL
1012	1	2	66	8	1	0	0	0	0	0	0	0	0	0	0	0	0	214	NULL
1012	1	2	2	2	0	0	0	0	0	0	0	0	0	0	0	0	0	300	NULL
1012	1	2	298	0	298	0	0	0	0	0	0	0	0	0	0	0	0	157	NULL
1012	1	2	2	1	1	0	0	0	0	0	0	0	0	0	0	0	0	146	NULL
1012	1	2	146	1	117	0	0	0	0	0	0	0	0	0	0	0	0	140	NULL
1012	1	2	38	3	35	0	0	0	0	0	0	0	0	0	0	0	0	112	NULL
1012	1	2	71	4	67	0	0	0	0	0	0	0	0	0	0	0	0	227	NULL
1012	1	2	132	4	128	0	0	0	0	0	0	0	0	0	0	0	0	175	NULL
1012	1	2	271	2	269	0	0	0	0	0	0	0	0	0	0	0	0	83	NULL
1012	1	2	188	2	186	0	0	0	0	0	0	0	0	0	0	0	0	73	NULL
1012	1	2	366	2	311	53	0	0	0	0	0	0	0	0	0	0	0	85	NULL
1012	1	2	118	116	2	0	0	0	0	0	0	0	0	0	0	0	0	74	NULL
1012	1	2	143	0	143	0	0	0	0	0	0	0	0	0	0	0	0	192	NULL
1012	1	2	1	0	1	0	0	0	0	0	0	0	0	0	0	0	0	194	NULL
1012	1	2	3	1	2	0	0	0	0	0	0	0	0	0	0	0	0	292	NULL
1012	1	2	3	0	3	0	0	0	0	0	0	0	0	0	0	0	0	301	NULL
1012	1	2	19	0	19	0	0	0	0	0	0	0	0	0	0	0	0	291	NULL
1012	1	2	1	0	1	0	0	0	0	0	0	0	0	0	0	0	0	294	NULL
1012	1	2	4	1	3	0	0	0	0	0	0	0	0	0	0	0	0	299	NULL
1012	1	2	6	2	4	0	0	0	0	0	0	0	0	0	0	0	0	291	NULL
1012	1	2	4	0	4	0	0	0	0	0	0	0	0	0	0	0	0	299	NULL
1012	1	2	349	1	136	0	185	0	0	0	0	0	0	0	0	0	0	217	NULL
1012	1	2	51	1	13	37	0	0	0	0	0	0	0	0	0	0	0	314	NULL
1012	1	2	0	0	0	0	0	0	0	0	0	0	0	0	0	0	0	197	NULL
1012	1	2	3	2	1	0	0	0	0	0	0	0	0	0	0	0	0	293	NULL
1012	1	2	5	0	5	0	0	0	0	0	0	0	0	0	0	0	0	305	NULL
1012	1	2	82	1	81	0	0	0	0	0	0	0	0	0	0	0	0	292	NULL
1012	1	2	205	0	205	0	0	0	0	0	0	0	0	0	0	0	0	194	NULL
1012	1	2	1	1	0	0	0	0	0	0	0	0	0	0	0	0	0	206	NULL
1012	1	2	132	1	131	0	0	0	0	0	0	0	0	0	0	0	0	194	NULL
1012	1	2	5	0	5	0	0	0	0	0	0	0	0	0	0	0	0	208	NULL
1012	1	2	14	1	13	0	0	0	0	0	0	0	0	0	0	0	0	289	NULL
1012	1	2	123	0	3	0	120	0	0	0	0	0	0	0	0	0	0	206	NULL
1012	1	2	171	2	166	3	0	0	0	0	0	0	0	0	0	0	0	310	NULL
1012	1	2	225	0	225	0	0	0	0	0	0	0	0	0	0	0	0	108	NULL
1012	1	2	365	0	360	5	0	0	0	0	0	0	0	0	0	0	0	109	NULL
1012	1	2	115	115	0	0	0	0	0	0	0	0	0	0	0	0	0	136	NULL
1012	1	2	244	0	0	0	244	0	0	0	0	0	0	0	0	0	0	120	NULL
1012	1	2	3	2	1	0	0	0	0	0	0	0	0	0	0	0	0	196	NULL
1012	1	2	1	1	0	0	0	0	0	0	0	0	0	0	0	0	0	314	NULL
1012	1	2	1	0	1	0	0	0	0	0	0	0	0	0	0	0	0	198	NULL
1012	1	2	22	1	13	8	0	0	0	0	0	0	0	0	0	0	0	225	NULL
1012	1	2	4	2	2	0	0	0	0	0	0	0	0	0	0	0	0	192	NULL
1012	1	2	2	2	0	0	0	0	0	0	0	0	0	0	0	0	0	294	NULL
1012	1	2	2	2	0	0	0	0	0	0	0	0	0	0	0	0	0	303	NULL
1012	1	2	43	2	0	0	0	0	0	0	0	0	0	0	0	0	0	297	NULL
1012	1	2	5	3	2	0	0	0	0	0	0	0	0	0	0	0	0	289	NULL
1012	1	2	3	3	0	0	0	0	0	0	0	0	0	0	0	0	0	289	NULL
1012	1	2	5	3	2	0	0	0	0	0	0	0	0	0	0	0	0	304	NULL
1012	1	2	3	3	0	0	0	0	0	0	0	0	0	0	0	0	0	292	NULL
1012	1	2	4	4	0	0	0	0	0	0	0	0	0	0	0	0	0	290	NULL
1012	1	2	6	4	2	0	0	0	0	0	0	0	0	0	0	0	0	288	NULL
1012	1	2	1	1	0	0	0	0	0	0	0	0	0	0	0	0	0	303	NULL
1012	1	2	158	2	156	0	0	0	0	0	0	0	0	0	0	0	0	194	NULL
1012	1	2	3	2	1	0	0	0	0	0	0	0	0	0	0	0	0	301	NULL
1012	1	2	2	0	2	0	0	0	0	0	0	0	0	0	0	0	0	300	NULL
1012	1	2	2	2	0	0	0	0	0	0	0	0	0	0	0	0	0	304	NULL
1012	1	2	31	2	2	0	0	0	0	0	0	0	0	0	0	0	0	218	NULL
1012	1	2	235	2	233	0	0	0	0	0	0	0	0	0	0	0	0	106	NULL
1012	1	2	101	1	100	0	0	0	0	0	0	0	0	0	0	0	0	95	NULL
1012	1	2	164	2	162	0	0	0	0	0	0	0	0	0	0	0	0	217	NULL
1012	1	2	927	648	2	3	0	0	0	0	0	0	0	0	0	0	0	303	NULL
1012	1	2	1	1	0	0	0	0	0	0	0	0	0	0	0	0	0	38	NULL
1012	1	2	180	3	177	0	0	0	0	0	0	0	0	0	0	0	0	152	NULL
1012	1	2	7	7	0	0	0	0	0	0	0	0	0	0	0	0	0	270	NULL
1012	1	2	404	1	403	0	0	0	0	0	0	0	0	0	0	0	0	49	NULL
1012	1	2	460	3	1	0	456	0	0	0	0	0	0	0	0	0	0	130	NULL
1012	1	2	4	4	0	0	0	0	0	0	0	0	0	0	0	0	0	155	NULL
1012	1	2	75	7	68	0	0	0	0	0	0	0	0	0	0	0	0	231	NULL
1012	1	2	10	9	1	0	0	0	0	0	0	0	0	0	0	0	0	304	NULL
1012	1	2	318	122	108	88	0	0	0	0	0	0	0	0	0	0	0	127	NULL
1012	1	2	72	0	72	0	0	0	0	0	0	0	0	0	0	0	0	80	NULL
1012	1	2	29	1	28	0	0	0	0	0	0	0	0	0	0	0	0	277	NULL
1012	1	2	5	3	2	0	0	0	0	0	0	0	0	0	0	0	0	284	NULL
1012	1	2	214	2	212	0	0	0	0	0	0	0	0	0	0	0	0	117	NULL
1012	1	2	3	3	0	0	0	0	0	0	0	0	0	0	0	0	0	283	NULL
1012	1	2	535	0	0	0	535	0	0	0	0	0	0	0	0	0	0	46	NULL
1012	1	2	330	0	330	0	0	0	0	0	0	0	0	0	0	0	0	90	NULL
1012	1	2	30	1	3	0	0	0	0	0	0	0	0	0	0	0	0	184	NULL
1012	1	2	145	0	145	0	0	0	0	0	0	0	0	0	0	0	0	41	NULL
1012	1	2	7	6	1	0	0	0	0	0	0	0	0	0	0	0	0	232	NULL
1012	1	2	609	4	605	0	0	0	0	0	0	0	0	0	0	0	0	283	NULL
1012	1	2	324	3	10	0	185	0	0	0	0	0	0	0	0	0	0	243	NULL
1012	1	2	213	1	212	0	0	0	0	0	0	0	0	0	0	0	0	38	NULL
1012	1	2	3	3	0	0	0	0	0	0	0	0	0	0	0	0	0	77	NULL
1012	1	2	7	7	0	0	0	0	0	0	0	0	0	0	0	0	0	313	NULL
1012	1	2	264	2	262	0	0	0	0	0	0	0	0	0	0	0	0	244	NULL
1012	1	2	2	2	0	0	0	0	0	0	0	0	0	0	0	0	0	77	NULL
1012	1	2	13	5	8	0	0	0	0	0	0	0	0	0	0	0	0	311	NULL
1012	1	2	9	6	3	0	0	0	0	0	0	0	0	0	0	0	0	280	NULL
1012	1	2	11	5	6	0	0	0	0	0	0	0	0	0	0	0	0	270	NULL
1012	1	2	8	5	3	0	0	0	0	0	0	0	0	0	0	0	0	309	NULL
1012	1	2	9	6	3	0	0	0	0	0	0	0	0	0	0	0	0	307	NULL
1012	1	2	127	1	126	0	0	0	0	0	0	0	0	0	0	0	0	38	NULL
1012	1	2	29	4	17	8	0	0	0	0	0	0	0	0	0	0	0	195	NULL
1012	1	2	416	3	413	0	0	0	0	0	0	0	0	0	0	0	0	165	NULL
1012	1	2	299	3	296	0	0	0	0	0	0	0	0	0	0	0	0	126	NULL
1012	1	2	1	1	0	0	0	0	0	0	0	0	0	0	0	0	0	40	NULL
1012	1	2	183	4	179	0	0	0	0	0	0	0	0	0	0	0	0	204	NULL
1012	1	2	33	4	29	0	0	0	0	0	0	0	0	0	0	0	0	192	NULL
1012	1	2	351	1	350	0	0	0	0	0	0	0	0	0	0	0	0	127	NULL
1012	1	2	13	2	11	0	0	0	0	0	0	0	0	0	0	0	0	86	NULL
1012	1	2	569	567	0	2	0	0	0	0	0	0	0	0	0	0	0	56	NULL
1012	1	2	317	308	9	0	0	0	0	0	0	0	0	0	0	0	0	164	NULL
1012	1	2	2	2	0	0	0	0	0	0	0	0	0	0	0	0	0	76	NULL
1012	1	2	6	6	0	0	0	0	0	0	0	0	0	0	0	0	0	271	NULL
1012	1	2	6	6	0	0	0	0	0	0	0	0	0	0	0	0	0	309	NULL
1012	1	2	166	4	162	0	0	0	0	0	0	0	0	0	0	0	0	191	NULL
1012	1	2	278	1	277	0	0	0	0	0	0	0	0	0	0	0	0	48	NULL
1012	1	2	184	1	183	0	0	0	0	0	0	0	0	0	0	0	0	38	NULL
1012	1	2	399	2	397	0	0	0	0	0	0	0	0	0	0	0	0	88	NULL
1012	1	2	163	3	160	0	0	0	0	0	0	0	0	0	0	0	0	116	NULL
1012	1	2	4	2	2	0	0	0	0	0	0	0	0	0	0	0	0	116	NULL
1012	1	2	21	7	14	0	0	0	0	0	0	0	0	0	0	0	0	266	NULL
1012	1	2	86	80	6	0	0	0	0	0	0	0	0	0	0	0	0	303	NULL
1012	1	2	6	6	0	0	0	0	0	0	0	0	0	0	0	0	0	231	NULL
1012	1	2	43	4	39	0	0	0	0	0	0	0	0	0	0	0	0	234	NULL
1012	1	2	121	4	117	0	0	0	0	0	0	0	0	0	0	0	0	195	NULL
1012	1	2	74	4	70	0	0	0	0	0	0	0	0	0	0	0	0	232	NULL
1012	1	2	8	7	1	0	0	0	0	0	0	0	0	0	0	0	0	269	NULL
1012	1	2	1	1	0	0	0	0	0	0	0	0	0	0	0	0	0	38	NULL
1012	1	2	6	3	3	0	0	0	0	0	0	0	0	0	0	0	0	165	NULL
1012	1	2	2	2	0	0	0	0	0	0	0	0	0	0	0	0	0	117	NULL
1012	1	2	195	4	191	0	0	0	0	0	0	0	0	0	0	0	0	115	NULL
1012	1	2	92	5	87	0	0	0	0	0	0	0	0	0	0	0	0	192	NULL
1012	1	2	405	5	9	0	357	0	0	0	0	0	0	0	0	0	0	204	NULL
1012	1	2	138	8	0	0	87	0	0	0	0	0	0	0	0	0	0	280	NULL
1012	1	2	4	4	0	0	0	0	0	0	0	0	0	0	0	0	0	154	NULL
1012	1	2	7	7	0	0	0	0	0	0	0	0	0	0	0	0	0	310	NULL
1012	1	2	8	8	0	0	0	0	0	0	0	0	0	0	0	0	0	267	NULL
1012	1	2	40	39	1	0	0	0	0	0	0	0	0	0	0	0	0	270	NULL
1012	1	2	58	5	53	0	0	0	0	0	0	0	0	0	0	0	0	242	NULL
1012	1	2	79	5	74	0	0	0	0	0	0	0	0	0	0	0	0	234	NULL
1012	1	2	155	3	31	121	0	0	0	0	0	0	0	0	0	0	0	156	NULL
1012	1	2	9	6	3	0	0	0	0	0	0	0	0	0	0	0	0	269	NULL
1012	1	2	51	6	18	27	0	0	0	0	0	0	0	0	0	0	0	270	NULL
1012	1	2	68	65	3	0	0	0	0	0	0	0	0	0	0	0	0	230	NULL
1012	1	2	8	8	0	0	0	0	0	0	0	0	0	0	0	0	0	269	NULL
1012	1	2	178	114	25	39	0	0	0	0	0	0	0	0	0	0	0	196	NULL
1012	1	2	6	6	0	0	0	0	0	0	0	0	0	0	0	0	0	233	NULL
1012	1	2	7	7	0	0	0	0	0	0	0	0	0	0	0	0	0	307	NULL
1012	1	2	24	5	0	0	19	0	0	0	0	0	0	0	0	0	0	248	NULL
1012	1	2	58	3	3	52	0	0	0	0	0	0	0	0	0	0	0	234	NULL
1012	1	2	66	3	0	0	63	0	0	0	0	0	0	0	0	0	0	237	NULL
1012	1	2	9	7	2	0	0	0	0	0	0	0	0	0	0	0	0	307	NULL
1012	1	2	9	8	1	0	0	0	0	0	0	0	0	0	0	0	0	307	NULL
1012	1	2	13	9	4	0	0	0	0	0	0	0	0	0	0	0	0	264	NULL
1012	1	2	105	3	102	0	0	0	0	0	0	0	0	0	0	0	0	193	NULL
1012	1	2	6	6	0	0	0	0	0	0	0	0	0	0	0	0	0	310	NULL
1012	1	2	5	5	0	0	0	0	0	0	0	0	0	0	0	0	0	272	NULL
1012	1	2	44	7	37	0	0	0	0	0	0	0	0	0	0	0	0	267	NULL
1012	1	2	101	3	1	0	97	0	0	0	0	0	0	0	0	0	0	210	NULL
1012	1	2	144	4	0	0	140	0	0	0	0	0	0	0	0	0	0	166	NULL
1012	1	2	7	6	1	0	0	0	0	0	0	0	0	0	0	0	0	270	NULL
1012	1	2	11	9	2	0	0	0	0	0	0	0	0	0	0	0	0	307	NULL
1012	1	2	162	3	2	0	157	0	0	0	0	0	0	0	0	0	0	126	NULL
1012	1	2	6	5	1	0	0	0	0	0	0	0	0	0	0	0	0	275	NULL
1012	1	2	29	5	24	0	0	0	0	0	0	0	0	0	0	0	0	272	NULL
1012	1	2	9	6	3	0	0	0	0	0	0	0	0	0	0	0	0	318	NULL
1012	1	2	7	5	2	0	0	0	0	0	0	0	0	0	0	0	0	271	NULL
1012	1	2	10	8	2	0	0	0	0	0	0	0	0	0	0	0	0	306	NULL
1012	1	2	9	9	0	0	0	0	0	0	0	0	0	0	0	0	0	273	NULL
1012	1	2	204	5	199	0	0	0	0	0	0	0	0	0	0	0	0	191	NULL
1012	1	2	6	5	1	0	0	0	0	0	0	0	0	0	0	0	0	203	NULL
1012	1	2	11	7	4	0	0	0	0	0	0	0	0	0	0	0	0	305	NULL
1012	1	2	11	7	4	0	0	0	0	0	0	0	0	0	0	0	0	267	NULL
1012	1	2	10	9	1	0	0	0	0	0	0	0	0	0	0	0	0	318	NULL
1012	1	2	97	4	93	0	0	0	0	0	0	0	0	0	0	0	0	191	NULL
1012	1	2	177	1	176	0	0	0	0	0	0	0	0	0	0	0	0	167	NULL
1012	1	2	6	3	3	0	0	0	0	0	0	0	0	0	0	0	0	271	NULL
1012	1	2	1	1	0	0	0	0	0	0	0	0	0	0	0	0	0	286	NULL
1012	1	2	1935	2	1847	0	0	0	0	0	0	0	0	0	0	0	0	223	NULL
1012	1	2	106	0	106	0	0	0	0	0	0	0	0	0	0	0	0	159	NULL
1012	1	2	225	1	224	0	0	0	0	0	0	0	0	0	0	0	0	79	NULL
1012	1	2	6	3	3	0	0	0	0	0	0	0	0	0	0	0	0	242	NULL
1012	1	2	5	5	0	0	0	0	0	0	0	0	0	0	0	0	0	319	NULL
1012	1	2	278	2	0	0	129	0	0	0	0	0	0	0	0	0	0	174	NULL
1012	1	2	2	1	1	0	0	0	0	0	0	0	0	0	0	0	0	38	NULL
1012	1	2	152	4	148	0	0	0	0	0	0	0	0	0	0	0	0	194	NULL
1012	1	2	223	2	221	0	0	0	0	0	0	0	0	0	0	0	0	77	NULL
1012	1	2	76	3	73	0	0	0	0	0	0	0	0	0	0	0	0	156	NULL
1012	1	2	414	2	412	0	0	0	0	0	0	0	0	0	0	0	0	87	NULL
1012	1	2	2	2	0	0	0	0	0	0	0	0	0	0	0	0	0	119	NULL
1012	1	2	8	5	3	0	0	0	0	0	0	0	0	0	0	0	0	280	NULL
1012	1	2	235	6	0	0	173	0	0	0	0	0	0	0	0	0	0	247	NULL
1012	1	2	171	2	10	0	159	0	0	0	0	0	0	0	0	0	0	82	NULL
1012	1	2	140	140	0	0	0	0	0	0	0	0	0	0	0	0	0	78	NULL
1012	1	2	185	5	136	0	0	0	0	0	0	0	0	0	0	0	0	196	NULL
1012	1	2	904	1	903	0	0	0	0	0	0	0	0	0	0	0	0	49	NULL
1012	1	2	195	1	2	0	192	0	0	0	0	0	0	0	0	0	0	41	NULL
1012	1	2	87	1	86	0	0	0	0	0	0	0	0	0	0	0	0	81	NULL
1012	1	2	311	2	0	0	143	0	0	0	0	0	0	0	0	0	0	85	NULL
1012	1	2	124	3	121	0	0	0	0	0	0	0	0	0	0	0	0	127	NULL
1012	1	2	98	2	96	0	0	0	0	0	0	0	0	0	0	0	0	158	NULL
1012	1	2	422	4	418	0	0	0	0	0	0	0	0	0	0	0	0	168	NULL
1012	1	2	150	1	149	0	0	0	0	0	0	0	0	0	0	0	0	38	NULL
1012	1	2	324	2	180	0	142	0	0	0	0	0	0	0	0	0	0	133	NULL
1012	1	2	66	66	0	0	0	0	0	0	0	0	0	0	0	0	0	76	NULL
1012	1	2	536	1	535	0	0	0	0	0	0	0	0	0	0	0	0	50	NULL
1014	1	1	463	1	1	0	95	0	0	0	0	0	0	0	0	0	0	308	NULL
1014	1	1	382	148	3	0	5	0	0	0	0	0	0	0	0	0	0	172	NULL
1014	1	1	148	1	2	0	29	0	0	0	0	0	0	0	0	0	0	146	NULL
1014	1	1	78	7	2	0	33	0	0	0	0	0	0	0	0	0	0	139	NULL
1014	1	1	127	10	0	0	0	0	0	0	0	0	0	0	0	0	0	204	NULL
1014	1	1	200	200	0	0	0	0	0	0	0	0	0	0	0	0	0	75	NULL
1014	1	1	391	160	160	0	0	0	0	0	0	0	0	0	0	0	0	54	NULL
1014	1	1	1	1	0	0	0	0	0	0	0	0	0	0	0	0	0	37	NULL
1014	1	1	607	3	0	0	152	0	0	0	0	0	0	0	0	0	0	83	NULL
1014	1	1	61	53	6	2	0	0	0	0	0	0	0	0	0	0	0	259	NULL
1014	1	1	144	143	1	0	0	0	0	0	0	0	0	0	0	0	0	122	NULL
1014	1	1	171	171	0	0	0	0	0	0	0	0	0	0	0	0	0	74	NULL
1014	1	1	244	244	0	0	0	0	0	0	0	0	0	0	0	0	0	159	NULL
1014	1	1	28	28	0	0	0	0	0	0	0	0	0	0	0	0	0	259	NULL
1014	1	1	5	5	0	0	0	0	0	0	0	0	0	0	0	0	0	75	NULL
1014	1	1	317	7	279	0	0	0	0	0	0	0	0	0	0	0	0	135	NULL
1014	1	1	102	8	94	0	0	0	0	0	0	0	0	0	0	0	0	148	NULL
1014	1	1	284	1	74	0	209	0	0	0	0	0	0	0	0	0	0	51	NULL
1014	1	1	157	12	0	0	0	0	0	0	0	0	0	0	0	0	0	227	NULL
1014	1	1	9	7	2	0	0	0	0	0	0	0	0	0	0	0	0	110	NULL
1014	1	1	302	302	0	0	0	0	0	0	0	0	0	0	0	0	0	84	NULL
1014	1	1	157	157	0	0	0	0	0	0	0	0	0	0	0	0	0	262	NULL
1014	1	1	13	13	0	0	0	0	0	0	0	0	0	0	0	0	0	224	NULL
1014	1	1	230	5	136	0	0	0	0	0	0	0	0	0	0	0	0	124	NULL
1014	1	1	36	4	32	0	0	0	0	0	0	0	0	0	0	0	0	112	NULL
1014	1	1	1950	101	1849	0	0	0	0	0	0	0	0	0	0	0	0	167	NULL
1014	1	1	20	20	0	0	0	0	0	0	0	0	0	0	0	0	0	308	NULL
1014	1	1	13	11	2	0	0	0	0	0	0	0	0	0	0	0	0	224	NULL
1014	1	1	175	8	0	0	167	0	0	0	0	0	0	0	0	0	0	169	NULL
1014	1	1	97	11	0	0	86	0	0	0	0	0	0	0	0	0	0	232	NULL
1014	1	1	17	17	0	0	0	0	0	0	0	0	0	0	0	0	0	270	NULL
1014	1	1	16	14	2	0	0	0	0	0	0	0	0	0	0	0	0	263	NULL
1014	1	1	17	17	0	0	0	0	0	0	0	0	0	0	0	0	0	298	NULL
1014	1	1	9	9	0	0	0	0	0	0	0	0	0	0	0	0	0	151	NULL
1014	1	1	202	11	0	0	0	0	0	0	0	0	0	0	0	0	0	243	NULL
1014	1	1	20	20	0	0	0	0	0	0	0	0	0	0	0	0	0	262	NULL
1014	1	1	16	14	2	0	0	0	0	0	0	0	0	0	0	0	0	298	NULL
1014	1	1	20	20	0	0	0	0	0	0	0	0	0	0	0	0	0	299	NULL
1014	1	1	17	17	0	0	0	0	0	0	0	0	0	0	0	0	0	271	NULL
1014	1	1	37	15	0	0	0	0	0	0	0	0	0	0	0	0	0	263	NULL
1014	1	1	17	17	0	0	0	0	0	0	0	0	0	0	0	0	0	264	NULL
1014	1	1	179	179	0	0	0	0	0	0	0	0	0	0	0	0	0	149	NULL
1014	1	1	17	17	0	0	0	0	0	0	0	0	0	0	0	0	0	262	NULL
1014	1	1	20	20	0	0	0	0	0	0	0	0	0	0	0	0	0	296	NULL
1014	1	1	158	158	0	0	0	0	0	0	0	0	0	0	0	0	0	113	NULL
1014	1	1	113	113	0	0	0	0	0	0	0	0	0	0	0	0	0	197	NULL
1014	1	1	47	13	0	0	0	0	0	0	0	0	0	0	0	0	0	266	NULL
1014	1	1	16	16	0	0	0	0	0	0	0	0	0	0	0	0	0	260	NULL
1014	1	1	18	18	0	0	0	0	0	0	0	0	0	0	0	0	0	298	NULL
1014	1	1	108	10	0	0	0	0	0	0	0	0	0	0	0	0	0	191	NULL
1014	1	1	17	17	0	0	0	0	0	0	0	0	0	0	0	0	0	298	NULL
1014	1	1	14	14	0	0	0	0	0	0	0	0	0	0	0	0	0	262	NULL
1014	1	1	16	16	0	0	0	0	0	0	0	0	0	0	0	0	0	301	NULL
1014	1	1	80	80	0	0	0	0	0	0	0	0	0	0	0	0	0	223	NULL
1014	1	1	68	68	0	0	0	0	0	0	0	0	0	0	0	0	0	224	NULL
1014	1	1	43	43	0	0	0	0	0	0	0	0	0	0	0	0	0	268	NULL
1014	1	1	13	13	0	0	0	0	0	0	0	0	0	0	0	0	0	262	NULL
1014	1	1	18	18	0	0	0	0	0	0	0	0	0	0	0	0	0	299	NULL
1014	1	1	181	116	0	0	0	0	0	0	0	0	0	0	0	0	0	116	NULL
1014	1	1	16	16	0	0	0	0	0	0	0	0	0	0	0	0	0	299	NULL
1014	1	1	72	72	0	0	0	0	0	0	0	0	0	0	0	0	0	187	NULL
1014	1	1	55	23	0	0	0	0	0	0	0	0	0	0	0	0	0	266	NULL
1014	1	1	19	19	0	0	0	0	0	0	0	0	0	0	0	0	0	298	NULL
1014	1	1	152	6	0	0	98	0	0	0	0	0	0	0	0	0	0	119	NULL
1014	1	1	83	14	0	0	0	0	0	0	0	0	0	0	0	0	0	232	NULL
1014	1	1	62	12	0	0	0	0	0	0	0	0	0	0	0	0	0	237	NULL
1014	1	1	15	15	0	0	0	0	0	0	0	0	0	0	0	0	0	300	NULL
1014	1	1	47	47	0	0	0	0	0	0	0	0	0	0	0	0	0	262	NULL
1014	1	1	17	17	0	0	0	0	0	0	0	0	0	0	0	0	0	260	NULL
1014	1	1	15	15	0	0	0	0	0	0	0	0	0	0	0	0	0	223	NULL
1014	1	1	158	157	1	0	0	0	0	0	0	0	0	0	0	0	0	220	NULL
1014	1	1	409	409	0	0	0	0	0	0	0	0	0	0	0	0	0	121	NULL
1014	1	1	80	0	80	0	0	0	0	0	0	0	0	0	0	0	0	37	NULL
1014	1	1	2	2	0	0	0	0	0	0	0	0	0	0	0	0	0	37	NULL
1014	1	1	91	11	0	0	0	0	0	0	0	0	0	0	0	0	0	155	NULL
1014	1	1	194	10	0	0	0	0	0	0	0	0	0	0	0	0	0	194	NULL
1014	1	1	30	30	0	0	0	0	0	0	0	0	0	0	0	0	0	259	NULL
1014	1	1	17	17	0	0	0	0	0	0	0	0	0	0	0	0	0	260	NULL
1014	1	1	81	13	2	0	0	0	0	0	0	0	0	0	0	0	0	224	NULL
1014	1	1	8	7	1	0	0	0	0	0	0	0	0	0	0	0	0	112	NULL
1014	1	1	166	15	42	0	0	0	0	0	0	0	0	0	0	0	0	307	NULL
1014	1	1	19	19	0	0	0	0	0	0	0	0	0	0	0	0	0	298	NULL
1014	1	1	86	86	0	0	0	0	0	0	0	0	0	0	0	0	0	225	NULL
1014	1	1	14	14	0	0	0	0	0	0	0	0	0	0	0	0	0	272	NULL
1014	1	1	165	11	0	0	0	0	0	0	0	0	0	0	0	0	0	153	NULL
1014	1	1	0	0	0	0	0	0	0	0	0	0	0	0	0	0	0	43	NULL
1014	1	1	408	5	4	0	0	0	0	0	0	0	0	0	0	0	0	119	NULL
1014	1	1	622	6	0	0	0	0	0	0	0	0	0	0	0	0	0	281	NULL
1014	1	1	18	18	0	0	0	0	0	0	0	0	0	0	0	0	0	298	NULL
1014	1	1	18	16	2	0	0	0	0	0	0	0	0	0	0	0	0	298	NULL
1014	1	1	7	7	0	0	0	0	0	0	0	0	0	0	0	0	0	111	NULL
1014	1	1	210	4	0	0	0	0	0	0	0	0	0	0	0	0	0	83	NULL
1014	1	1	319	319	0	0	0	0	0	0	0	0	0	0	0	0	0	83	NULL
1014	1	1	464	119	0	12	0	0	0	0	0	0	0	0	0	0	0	202	NULL
1014	1	1	9	9	0	0	0	0	0	0	0	0	0	0	0	0	0	150	NULL
1014	1	1	212	11	0	0	0	0	0	0	0	0	0	0	0	0	0	242	NULL
1014	1	1	2	2	0	0	0	0	0	0	0	0	0	0	0	0	0	37	NULL
1014	1	1	298	3	0	0	165	0	0	0	0	0	0	0	0	0	0	128	NULL
1014	1	1	538	17	0	0	0	0	0	0	0	0	0	0	0	0	0	209	NULL
1014	1	1	17998	7435	2789	240	1717	0	0	0	0	0	0	0	0	0	0	22508	NULL
1014	1	1	4	2	2	0	0	0	0	0	0	0	0	0	0	0	0	35	NULL
1014	1	1	0	0	0	0	0	0	0	0	0	0	0	0	0	0	0	0	NULL
1014	1	1	0	0	0	0	0	0	0	0	0	0	0	0	0	0	0	0	NULL
1014	1	1	0	0	0	0	0	0	0	0	0	0	0	0	0	0	0	0	NULL
1014	1	1	0	0	0	0	0	0	0	0	0	0	0	0	0	0	0	0	NULL
1014	1	1	0	0	0	0	0	0	0	0	0	0	0	0	0	0	0	0	NULL
1014	1	1	0	0	0	0	0	0	0	0	0	0	0	0	0	0	0	0	NULL
1014	1	1	0	0	0	0	0	0	0	0	0	0	0	0	0	0	0	0	NULL
1014	1	1	0	0	0	0	0	0	0	0	0	0	0	0	0	0	0	0	NULL
1014	1	1	0	0	0	0	0	0	0	0	0	0	0	0	0	0	0	0	NULL
1014	1	1	0	0	0	0	0	0	0	0	0	0	0	0	0	0	0	0	NULL
1014	1	1	0	0	0	0	0	0	0	0	0	0	0	0	0	0	0	0	NULL
1014	1	1	0	0	0	0	0	0	0	0	0	0	0	0	0	0	0	0	NULL
1014	1	1	0	0	0	0	0	0	0	0	0	0	0	0	0	0	0	0	NULL
1014	1	1	0	0	0	0	0	0	0	0	0	0	0	0	0	0	0	0	NULL
1014	1	1	0	0	0	0	0	0	0	0	0	0	0	0	0	0	0	0	NULL
1014	1	1	0	0	0	0	0	0	0	0	0	0	0	0	0	0	0	0	NULL
1014	1	1	0	0	0	0	0	0	0	0	0	0	0	0	0	0	0	0	NULL
1014	1	1	0	0	0	0	0	0	0	0	0	0	0	0	0	0	0	0	NULL
1014	1	1	0	0	0	0	0	0	0	0	0	0	0	0	0	0	0	0	NULL
1014	1	1	0	0	0	0	0	0	0	0	0	0	0	0	0	0	0	0	NULL
1014	1	1	0	0	0	0	56	0	0	0	0	0	0	0	0	0	0	0	NULL
1014	1	1	0	0	0	0	0	0	0	0	0	0	0	0	0	0	0	0	NULL
1014	1	1	0	0	0	0	0	0	0	0	0	0	0	0	0	0	0	0	NULL
1014	1	1	0	0	0	0	0	0	0	0	0	0	0	0	0	0	0	0	NULL
1014	1	1	0	0	0	0	0	0	0	0	0	0	0	0	0	0	0	0	NULL
1014	1	1	0	0	0	0	392	0	0	0	0	0	0	0	0	0	0	0	NULL
1014	1	1	0	0	0	0	0	0	0	0	0	0	0	0	0	0	0	0	NULL
1014	1	1	0	0	0	0	108	0	0	0	0	0	0	0	0	0	0	0	NULL
1014	1	1	0	0	0	0	0	0	0	0	0	0	0	0	0	0	0	0	NULL
1014	1	1	0	0	0	0	0	0	0	0	0	0	0	0	0	0	0	0	NULL
1014	1	1	0	0	0	0	191	0	0	0	0	0	0	0	0	0	0	0	NULL
1014	1	1	0	0	0	0	0	0	0	0	0	0	0	0	0	0	0	0	NULL
1014	1	1	0	0	0	0	0	0	0	0	0	0	0	0	0	0	0	0	NULL
1014	1	1	0	0	0	0	0	0	0	0	0	0	0	0	0	0	0	0	NULL
1014	1	1	0	0	0	0	0	0	0	0	0	0	0	0	0	0	0	0	NULL
1014	1	1	0	0	0	0	0	0	0	0	0	0	0	0	0	0	0	0	NULL
1014	1	1	0	0	0	0	195	0	0	0	0	0	0	0	0	0	0	0	NULL
1014	1	1	0	0	0	0	0	0	0	0	0	0	0	0	0	0	0	0	NULL
1014	1	1	0	0	0	0	0	0	0	0	0	0	0	0	0	0	0	0	NULL
1014	1	1	0	0	0	0	0	0	0	0	0	0	0	0	0	0	0	0	NULL
1014	1	1	0	0	0	0	0	0	0	0	0	0	0	0	0	0	0	0	NULL
1014	1	1	0	0	0	0	0	0	0	0	0	0	0	0	0	0	0	0	NULL
1014	1	1	0	0	0	0	0	0	0	0	0	0	0	0	0	0	0	0	NULL
1014	1	1	0	0	0	0	0	0	0	0	0	0	0	0	0	0	0	0	NULL
1014	1	1	0	0	0	0	0	0	0	0	0	0	0	0	0	0	0	0	NULL
1014	1	1	0	0	0	0	0	0	0	0	0	0	0	0	0	0	0	0	NULL
1014	1	1	0	0	0	0	0	0	0	0	0	0	0	0	0	0	0	0	NULL
1014	1	1	0	0	0	0	0	0	0	0	0	0	0	0	0	0	0	0	NULL
1014	1	1	0	0	0	0	0	0	0	0	0	0	0	0	0	0	0	0	NULL
1014	1	1	0	0	0	0	0	0	0	0	0	0	0	0	0	0	0	0	NULL
1014	1	1	0	0	0	0	0	0	0	0	0	0	0	0	0	0	0	0	NULL
1014	1	1	0	0	0	0	0	0	0	0	0	0	0	0	0	0	0	0	NULL
1014	1	1	0	0	0	0	20	0	0	0	0	0	0	0	0	0	0	0	NULL
1014	1	1	0	0	0	0	0	0	0	0	0	0	0	0	0	0	0	0	NULL
1014	1	1	0	0	0	0	0	0	0	0	0	0	0	0	0	0	0	0	NULL
1014	1	1	0	0	0	0	0	0	0	0	0	0	0	0	0	0	0	0	NULL
1014	1	1	0	0	0	0	44	0	0	0	0	0	0	0	0	0	0	0	NULL
1014	1	1	0	0	0	0	79	0	0	0	0	0	0	0	0	0	0	0	NULL
1014	1	1	0	0	0	0	0	0	0	0	0	0	0	0	0	0	0	0	NULL
1014	1	1	0	0	0	0	192	0	0	0	0	0	0	0	0	0	0	0	NULL
1014	1	1	0	0	0	0	36	0	0	0	0	0	0	0	0	0	0	0	NULL
1014	1	1	0	0	0	0	0	0	0	0	0	0	0	0	0	0	0	0	NULL
1014	1	1	0	0	0	0	0	0	0	0	0	0	0	0	0	0	0	0	NULL
1014	1	1	0	0	0	0	0	0	0	0	0	0	0	0	0	0	0	0	NULL
1014	1	1	0	0	0	0	0	0	0	0	0	0	0	0	0	0	0	0	NULL
1014	1	1	0	0	0	0	0	0	0	0	0	0	0	0	0	0	0	0	NULL
1014	1	1	0	0	0	0	0	0	0	0	0	0	0	0	0	0	0	0	NULL
1014	1	1	0	0	0	0	131	0	0	0	0	0	0	0	0	0	0	0	NULL
1014	1	1	0	0	0	0	0	0	0	0	0	0	0	0	0	0	0	0	NULL
1014	1	1	0	0	0	0	0	0	0	0	0	0	0	0	0	0	0	0	NULL
1014	1	1	0	0	0	0	0	0	0	0	0	0	0	0	0	0	0	0	NULL
1014	1	1	0	0	0	0	0	0	0	0	0	0	0	0	0	0	0	0	NULL
1014	1	1	0	0	0	0	0	0	0	0	0	0	0	0	0	0	0	0	NULL
1014	1	1	0	0	0	0	0	0	0	0	0	0	0	0	0	0	0	0	NULL
1014	1	1	0	0	0	0	0	0	0	0	0	0	0	0	0	0	0	0	NULL
1014	1	1	0	0	0	0	0	0	0	0	0	0	0	0	0	0	0	0	NULL
1014	1	1	0	0	0	0	136	0	0	0	0	0	0	0	0	0	0	0	NULL
1014	1	1	0	0	0	0	0	0	0	0	0	0	0	0	0	0	0	0	NULL
1014	1	1	0	0	0	0	9	0	0	0	0	0	0	0	0	0	0	0	NULL
1014	1	1	0	0	0	0	0	0	0	0	0	0	0	0	0	0	0	0	NULL
1014	1	1	0	0	0	0	195	0	0	0	0	0	0	0	0	0	0	0	NULL
1014	1	1	0	0	0	0	41	0	0	0	0	0	0	0	0	0	0	0	NULL
1014	1	1	0	0	0	0	0	0	0	0	0	0	0	0	0	0	0	0	NULL
1014	1	1	0	0	0	0	41	0	0	0	0	0	0	0	0	0	0	0	NULL
1014	1	1	0	0	0	0	0	0	0	0	0	0	0	0	0	0	0	0	NULL
1014	1	1	0	0	0	0	0	0	0	0	0	0	0	0	0	0	0	0	NULL
1014	1	1	0	0	0	0	59	0	0	0	0	0	0	0	0	0	0	0	NULL
1014	1	1	0	0	0	0	0	0	0	0	0	0	0	0	0	0	0	0	NULL
1014	1	1	0	0	0	0	0	0	0	0	0	0	0	0	0	0	0	0	NULL
1014	1	1	0	0	0	0	0	0	0	0	0	0	0	0	0	0	0	0	NULL
1014	1	1	0	0	0	0	99	0	0	0	0	0	0	0	0	0	0	0	NULL
1014	1	1	0	0	0	0	0	0	0	0	0	0	0	0	0	0	0	0	NULL
1014	1	1	0	0	0	0	0	0	0	0	0	0	0	0	0	0	0	0	NULL
1014	1	1	0	0	0	0	0	0	0	0	0	0	0	0	0	0	0	0	NULL
1014	1	1	0	0	0	0	0	0	0	0	0	0	0	0	0	0	0	0	NULL
1014	1	1	0	0	0	0	140	0	0	0	0	0	0	0	0	0	0	0	NULL
1014	1	1	0	0	0	0	0	0	0	0	0	0	0	0	0	0	0	0	NULL
1014	1	1	0	0	0	0	0	0	0	0	0	0	0	0	0	0	0	0	NULL
1014	1	1	0	0	0	0	23	0	0	0	0	0	0	0	0	0	0	0	NULL
1014	1	1	0	0	0	0	0	0	0	0	0	0	0	0	0	0	0	0	NULL
1014	1	1	0	0	0	0	0	0	0	0	0	0	0	0	0	0	0	0	NULL
1014	1	1	12860	5658	273	167	3904	0	0	0	0	0	0	0	0	0	0	21449	NULL
1014	1	1	0	0	110	0	0	0	0	0	0	0	0	0	0	0	0	0	NULL
1014	1	1	0	0	0	0	0	0	0	0	0	0	0	0	0	0	0	0	NULL
1014	1	1	0	0	48	0	0	0	0	0	0	0	0	0	0	0	0	0	NULL
1014	1	1	0	0	10	0	0	0	0	0	0	0	0	0	0	0	0	0	NULL
1014	1	1	0	0	12	0	0	0	0	0	0	0	0	0	0	0	0	0	NULL
1014	1	1	0	0	0	0	0	0	0	0	0	0	0	0	0	0	0	0	NULL
1014	1	1	0	0	3	0	0	0	0	0	0	0	0	0	0	0	0	0	NULL
1014	1	1	0	0	134	0	0	0	0	0	0	0	0	0	0	0	0	0	NULL
1014	1	1	0	0	47	0	0	0	0	0	0	0	0	0	0	0	0	0	NULL
1014	1	1	0	0	190	0	0	0	0	0	0	0	0	0	0	0	0	0	NULL
1014	1	1	0	0	23	0	0	0	0	0	0	0	0	0	0	0	0	0	NULL
1014	1	1	0	0	1	0	0	0	0	0	0	0	0	0	0	0	0	0	NULL
1014	1	1	0	0	24	0	0	0	0	0	0	0	0	0	0	0	0	0	NULL
1014	1	1	0	0	88	0	0	0	0	0	0	0	0	0	0	0	0	0	NULL
1014	1	1	0	0	20	0	0	0	0	0	0	0	0	0	0	0	0	0	NULL
1014	1	1	0	0	30	0	0	0	0	0	0	0	0	0	0	0	0	0	NULL
1014	1	1	0	0	23	0	0	0	0	0	0	0	0	0	0	0	0	0	NULL
1014	1	1	0	0	0	0	0	0	0	0	0	0	0	0	0	0	0	0	NULL
1014	1	1	0	0	46	0	0	0	0	0	0	0	0	0	0	0	0	0	NULL
1014	1	1	0	0	24	0	0	0	0	0	0	0	0	0	0	0	0	0	NULL
1014	1	2	524	108	0	0	4	0	0	0	0	0	0	0	0	0	0	63	NULL
1014	1	2	164	1	0	86	7	0	0	0	0	0	0	0	0	0	0	53	NULL
1014	1	2	1	1	0	0	0	0	0	0	0	0	0	0	0	0	0	42	NULL
1014	1	2	31	7	4	0	0	0	0	0	0	0	0	0	0	0	0	251	NULL
1014	1	2	295	291	4	0	0	0	0	0	0	0	0	0	0	0	0	122	NULL
1014	1	2	66	62	4	0	0	0	0	0	0	0	0	0	0	0	0	116	NULL
1014	1	2	60	5	2	0	0	0	0	0	0	0	0	0	0	0	0	257	NULL
1014	1	2	538	538	0	0	0	0	0	0	0	0	0	0	0	0	0	83	NULL
1014	1	2	73	5	0	0	0	0	0	0	0	0	0	0	0	0	0	169	NULL
1014	1	2	7	4	3	0	0	0	0	0	0	0	0	0	0	0	0	250	NULL
1014	1	2	129	4	1	0	0	0	0	0	0	0	0	0	0	0	0	171	NULL
1014	1	2	294	143	1	0	0	0	0	0	0	0	0	0	0	0	0	107	NULL
1014	1	2	211	4	5	113	89	0	0	0	0	0	0	0	0	0	0	223	NULL
1014	1	2	6	3	3	0	0	0	0	0	0	0	0	0	0	0	0	80	NULL
1014	1	2	6	4	2	0	0	0	0	0	0	0	0	0	0	0	0	293	NULL
1014	1	2	71	5	6	0	0	0	0	0	0	0	0	0	0	0	0	216	NULL
1014	1	2	123	7	0	0	0	0	0	0	0	0	0	0	0	0	0	90	NULL
1014	1	2	258	258	0	0	0	0	0	0	0	0	0	0	0	0	0	36	NULL
1014	1	2	9	7	2	0	0	0	0	0	0	0	0	0	0	0	0	291	NULL
1014	1	2	194	96	7	0	0	0	0	0	0	0	0	0	0	0	0	197	NULL
1014	1	2	5	4	1	0	0	0	0	0	0	0	0	0	0	0	0	160	NULL
1014	1	2	67	3	2	0	0	0	0	0	0	0	0	0	0	0	0	197	NULL
1014	1	2	11	4	7	0	0	0	0	0	0	0	0	0	0	0	0	245	NULL
1014	1	2	213	3	3	0	0	0	0	0	0	0	0	0	0	0	0	132	NULL
1014	1	2	23	1	1	0	0	0	0	0	0	0	0	0	0	0	0	63	NULL
1014	1	2	123	3	3	0	0	0	0	0	0	0	0	0	0	0	0	201	NULL
1014	1	2	218	2	17	0	0	0	0	0	0	0	0	0	0	0	0	98	NULL
1014	1	2	378	112	0	0	0	0	0	0	0	0	0	0	0	0	0	93	NULL
1014	1	2	77	74	3	0	0	0	0	0	0	0	0	0	0	0	0	79	NULL
1014	1	2	152	143	9	0	0	0	0	0	0	0	0	0	0	0	0	175	NULL
1014	1	2	227	226	1	0	0	0	0	0	0	0	0	0	0	0	0	99	NULL
1014	1	2	121	114	7	0	0	0	0	0	0	0	0	0	0	0	0	134	NULL
1014	1	2	174	171	3	0	0	0	0	0	0	0	0	0	0	0	0	139	NULL
1014	1	2	222	141	5	0	0	0	0	0	0	0	0	0	0	0	0	102	NULL
1014	1	2	198	64	4	0	0	0	0	0	0	0	0	0	0	0	0	78	NULL
1014	1	2	215	208	7	0	0	0	0	0	0	0	0	0	0	0	0	135	NULL
1014	1	2	115	109	6	0	0	0	0	0	0	0	0	0	0	0	0	116	NULL
1014	1	2	181	175	6	0	0	0	0	0	0	0	0	0	0	0	0	136	NULL
1014	1	2	140	137	3	0	0	0	0	0	0	0	0	0	0	0	0	160	NULL
1014	1	2	304	153	7	0	0	0	0	0	0	0	0	0	0	0	0	80	NULL
1014	1	2	134	65	1	0	0	0	0	0	0	0	0	0	0	0	0	84	NULL
1014	1	2	152	54	4	0	0	0	0	0	0	0	0	0	0	0	0	43	NULL
1014	1	2	124	121	3	0	0	0	0	0	0	0	0	0	0	0	0	77	NULL
1014	1	2	203	98	7	0	0	0	0	0	0	0	0	0	0	0	0	118	NULL
1014	1	2	221	158	4	0	0	0	0	0	0	0	0	0	0	0	0	100	NULL
1014	1	2	297	227	1	0	0	0	0	0	0	0	0	0	0	0	0	43	NULL
1014	1	2	287	37	8	0	0	0	0	0	0	0	0	0	0	0	0	40	NULL
1014	1	2	362	89	12	0	0	0	0	0	0	0	0	0	0	0	0	62	NULL
1014	1	2	257	47	3	0	0	0	0	0	0	0	0	0	0	0	0	153	NULL
1014	1	2	206	204	2	0	0	0	0	0	0	0	0	0	0	0	0	129	NULL
1014	1	2	32	32	0	0	0	0	0	0	0	0	0	0	0	0	0	65	NULL
1014	1	2	112	110	2	0	0	0	0	0	0	0	0	0	0	0	0	194	NULL
1014	1	2	96	96	0	0	0	0	0	0	0	0	0	0	0	0	0	196	NULL
1014	1	2	114	112	2	0	0	0	0	0	0	0	0	0	0	0	0	197	NULL
1014	1	2	100	98	2	0	0	0	0	0	0	0	0	0	0	0	0	194	NULL
1014	1	2	111	109	2	0	0	0	0	0	0	0	0	0	0	0	0	194	NULL
1014	1	2	100	98	2	0	0	0	0	0	0	0	0	0	0	0	0	195	NULL
1014	1	2	111	107	4	0	0	0	0	0	0	0	0	0	0	0	0	193	NULL
1014	1	2	245	178	38	29	0	0	0	0	0	0	0	0	0	0	0	129	NULL
1014	1	2	30	27	0	3	0	0	0	0	0	0	0	0	0	0	0	71	NULL
1014	1	2	235	233	2	0	0	0	0	0	0	0	0	0	0	0	0	64	NULL
1014	1	2	430	429	1	0	0	0	0	0	0	0	0	0	0	0	0	131	NULL
1014	1	2	104	101	3	0	0	0	0	0	0	0	0	0	0	0	0	193	NULL
1014	1	2	102	98	4	0	0	0	0	0	0	0	0	0	0	0	0	191	NULL
1014	1	2	115	113	2	0	0	0	0	0	0	0	0	0	0	0	0	196	NULL
1014	1	2	130	128	2	0	0	0	0	0	0	0	0	0	0	0	0	194	NULL
1014	1	2	325	279	0	46	0	0	0	0	0	0	0	0	0	0	0	134	NULL
1014	1	2	36	34	2	0	0	0	0	0	0	0	0	0	0	0	0	64	NULL
1014	1	2	148	147	1	0	0	0	0	0	0	0	0	0	0	0	0	131	NULL
1014	1	2	161	159	2	0	0	0	0	0	0	0	0	0	0	0	0	194	NULL
1014	1	2	241	240	1	0	0	0	0	0	0	0	0	0	0	0	0	196	NULL
1014	1	2	61	57	4	0	0	0	0	0	0	0	0	0	0	0	0	129	NULL
1014	1	2	465	274	191	0	0	0	0	0	0	0	0	0	0	0	0	137	NULL
1014	1	2	358	186	2	6	0	0	0	0	0	0	0	0	0	0	0	93	NULL
1014	1	2	176	176	0	0	0	0	0	0	0	0	0	0	0	0	0	123	NULL
1014	1	2	449	448	1	0	0	0	0	0	0	0	0	0	0	0	0	121	NULL
1014	1	2	204	202	2	0	0	0	0	0	0	0	0	0	0	0	0	117	NULL
1014	1	2	207	146	5	56	0	0	0	0	0	0	0	0	0	0	0	81	NULL
1014	1	2	243	178	4	0	0	0	0	0	0	0	0	0	0	0	0	137	NULL
1014	1	2	193	190	3	0	0	0	0	0	0	0	0	0	0	0	0	114	NULL
1014	1	2	169	166	3	0	0	0	0	0	0	0	0	0	0	0	0	74	NULL
1014	1	2	181	176	5	0	0	0	0	0	0	0	0	0	0	0	0	110	NULL
1014	1	2	164	163	1	0	0	0	0	0	0	0	0	0	0	0	0	116	NULL
1014	1	2	199	195	4	0	0	0	0	0	0	0	0	0	0	0	0	113	NULL
1014	1	2	189	187	2	0	0	0	0	0	0	0	0	0	0	0	0	115	NULL
1014	1	2	180	179	1	0	0	0	0	0	0	0	0	0	0	0	0	115	NULL
1014	1	2	178	174	4	0	0	0	0	0	0	0	0	0	0	0	0	116	NULL
1014	1	2	188	187	1	0	0	0	0	0	0	0	0	0	0	0	0	117	NULL
1014	1	2	178	175	3	0	0	0	0	0	0	0	0	0	0	0	0	113	NULL
1014	1	2	352	347	5	0	0	0	0	0	0	0	0	0	0	0	0	113	NULL
1014	1	2	118	117	1	0	0	0	0	0	0	0	0	0	0	0	0	78	NULL
1014	1	2	184	183	1	0	0	0	0	0	0	0	0	0	0	0	0	113	NULL
1014	1	2	298	296	2	0	0	0	0	0	0	0	0	0	0	0	0	114	NULL
1014	1	2	120	117	3	0	0	0	0	0	0	0	0	0	0	0	0	72	NULL
1014	1	2	204	86	15	0	0	0	0	0	0	0	0	0	0	0	0	79	NULL
1014	1	2	972	647	8	4	104	0	0	0	0	0	0	0	0	0	0	114	NULL
1014	1	2	469	8	2	16	443	0	0	0	0	0	0	0	0	0	0	30	NULL
1014	1	2	16	15	1	0	0	0	0	0	0	0	0	0	0	0	0	62	NULL
1014	1	2	211	146	7	0	0	0	0	0	0	0	0	0	0	0	0	161	NULL
1014	1	2	60	59	1	0	0	0	0	0	0	0	0	0	0	0	0	186	NULL
1014	1	2	413	413	0	0	0	0	0	0	0	0	0	0	0	0	0	32	NULL
1014	1	2	479	479	0	0	0	0	0	0	0	0	0	0	0	0	0	32	NULL
1014	1	2	52	48	4	0	0	0	0	0	0	0	0	0	0	0	0	186	NULL
1014	1	2	114	43	6	0	0	0	0	0	0	0	0	0	0	0	0	191	NULL
1014	1	2	176	175	1	0	0	0	0	0	0	0	0	0	0	0	0	220	NULL
1014	1	2	240	238	2	0	0	0	0	0	0	0	0	0	0	0	0	125	NULL
1014	1	2	94	19	4	0	0	0	0	0	0	0	0	0	0	0	0	97	NULL
1014	1	2	62	38	0	0	0	0	0	0	0	0	0	0	0	0	0	165	NULL
1014	1	2	77	77	0	0	0	0	0	0	0	0	0	0	0	0	0	251	NULL
1014	1	2	239	235	4	0	0	0	0	0	0	0	0	0	0	0	0	92	NULL
1014	1	2	599	596	3	0	0	0	0	0	0	0	0	0	0	0	0	189	NULL
1014	1	2	25	25	0	0	0	0	0	0	0	0	0	0	0	0	0	64	NULL
1014	1	2	344	342	2	0	0	0	0	0	0	0	0	0	0	0	0	65	NULL
1014	1	2	207	207	0	0	0	0	0	0	0	0	0	0	0	0	0	62	NULL
1014	1	2	174	29	2	0	0	0	0	0	0	0	0	0	0	0	0	131	NULL
1014	1	2	45	40	5	0	0	0	0	0	0	0	0	0	0	0	0	154	NULL
1014	1	2	669	666	3	0	0	0	0	0	0	0	0	0	0	0	0	223	NULL
1014	1	2	362	358	4	0	0	0	0	0	0	0	0	0	0	0	0	126	NULL
1014	1	2	239	235	4	0	0	0	0	0	0	0	0	0	0	0	0	91	NULL
1014	1	2	20	18	2	0	0	0	0	0	0	0	0	0	0	0	0	60	NULL
1014	1	2	75	67	8	0	0	0	0	0	0	0	0	0	0	0	0	244	NULL
1014	1	2	320	317	3	0	0	0	0	0	0	0	0	0	0	0	0	189	NULL
1014	1	2	18	16	2	0	0	0	0	0	0	0	0	0	0	0	0	62	NULL
1014	1	2	67	62	5	0	0	0	0	0	0	0	0	0	0	0	0	216	NULL
1014	1	2	82	78	4	0	0	0	0	0	0	0	0	0	0	0	0	247	NULL
1014	1	2	61	59	2	0	0	0	0	0	0	0	0	0	0	0	0	219	NULL
1014	1	2	9	7	2	0	0	0	0	0	0	0	0	0	0	0	0	30	NULL
1014	1	2	63	59	4	0	0	0	0	0	0	0	0	0	0	0	0	214	NULL
1014	1	2	66	62	4	0	0	0	0	0	0	0	0	0	0	0	0	252	NULL
1014	1	2	62	55	0	7	0	0	0	0	0	0	0	0	0	0	0	174	NULL
1014	1	2	459	49	4	0	0	0	0	0	0	0	0	0	0	0	0	164	NULL
1014	1	2	348	193	3	0	0	0	0	0	0	0	0	0	0	0	0	105	NULL
1014	1	2	102	7	2	0	0	0	0	0	0	0	0	0	0	0	0	34	NULL
1014	1	2	239	57	5	0	0	0	0	0	0	0	0	0	0	0	0	188	NULL
1014	1	2	58	34	0	0	0	0	0	0	0	0	0	0	0	0	0	128	NULL
1014	1	2	507	162	1	11	0	0	0	0	0	0	0	0	0	0	0	158	NULL
1014	1	2	336	336	0	0	0	0	0	0	0	0	0	0	0	0	0	66	NULL
1014	1	2	221	11	4	0	0	0	0	0	0	0	0	0	0	0	0	73	NULL
1014	1	2	23	23	0	0	0	0	0	0	0	0	0	0	0	0	0	95	NULL
1014	1	2	70	64	6	0	0	0	0	0	0	0	0	0	0	0	0	246	NULL
1014	1	2	74	65	9	0	0	0	0	0	0	0	0	0	0	0	0	241	NULL
1014	1	2	478	32	6	0	4	0	0	0	0	0	0	0	0	0	0	240	NULL
1014	1	2	181	1	0	0	0	0	0	0	0	0	0	0	0	0	0	33	NULL
1014	1	2	410	8	0	0	3	0	0	0	0	0	0	0	0	0	0	87	NULL
1014	1	2	12	12	0	0	0	0	0	0	0	0	0	0	0	0	0	32	NULL
1014	1	2	185	29	2	0	0	0	0	0	0	0	0	0	0	0	0	133	NULL
1014	1	2	68	63	5	0	0	0	0	0	0	0	0	0	0	0	0	218	NULL
1014	1	2	122	121	1	0	0	0	0	0	0	0	0	0	0	0	0	189	NULL
1014	1	2	66	62	4	0	0	0	0	0	0	0	0	0	0	0	0	251	NULL
1014	1	2	207	24	3	0	71	0	0	0	0	0	0	0	0	0	0	266	NULL
1014	1	2	27	25	2	0	0	0	0	0	0	0	0	0	0	0	0	92	NULL
1014	1	2	113	42	5	0	0	0	0	0	0	0	0	0	0	0	0	192	NULL
1014	1	2	62	56	6	0	0	0	0	0	0	0	0	0	0	0	0	216	NULL
1014	1	2	70	66	4	0	0	0	0	0	0	0	0	0	0	0	0	220	NULL
1014	1	2	220	34	2	0	0	0	0	0	0	0	0	0	0	0	0	167	NULL
1014	1	2	112	30	2	0	0	0	0	0	0	0	0	0	0	0	0	134	NULL
1014	1	2	8	7	1	0	0	0	0	0	0	0	0	0	0	0	0	31	NULL
1014	1	2	1853	0	1853	0	0	0	0	0	0	0	0	0	0	0	0	37	NULL
1014	1	2	434	432	2	0	0	0	0	0	0	0	0	0	0	0	0	96	NULL
1014	1	2	188	188	0	0	0	0	0	0	0	0	0	0	0	0	0	190	NULL
1014	1	2	50	48	2	0	0	0	0	0	0	0	0	0	0	0	0	188	NULL
1014	1	2	63	58	5	0	0	0	0	0	0	0	0	0	0	0	0	215	NULL
1014	1	2	91	89	2	0	0	0	0	0	0	0	0	0	0	0	0	217	NULL
1014	1	2	66	60	6	0	0	0	0	0	0	0	0	0	0	0	0	249	NULL
1014	1	2	94	39	5	0	0	0	0	0	0	0	0	0	0	0	0	205	NULL
1014	1	2	117	46	2	0	0	0	0	0	0	0	0	0	0	0	0	196	NULL
1014	1	2	169	119	2	0	0	0	0	0	0	0	0	0	0	0	0	105	NULL
1014	1	2	69	62	7	0	0	0	0	0	0	0	0	0	0	0	0	247	NULL
1014	1	2	68	66	2	0	0	0	0	0	0	0	0	0	0	0	0	218	NULL
1014	1	2	133	101	0	0	0	0	0	0	0	0	0	0	0	0	0	161	NULL
1014	1	2	67	60	7	0	0	0	0	0	0	0	0	0	0	0	0	248	NULL
1014	1	2	202	135	2	0	0	0	0	0	0	0	0	0	0	0	0	95	NULL
1014	1	2	70	66	4	0	0	0	0	0	0	0	0	0	0	0	0	247	NULL
1014	1	2	37	32	5	0	0	0	0	0	0	0	0	0	0	0	0	229	NULL
1014	1	2	90	87	3	0	0	0	0	0	0	0	0	0	0	0	0	230	NULL
1014	1	2	108	105	3	0	0	0	0	0	0	0	0	0	0	0	0	184	NULL
1014	1	2	120	113	7	0	0	0	0	0	0	0	0	0	0	0	0	184	NULL
1014	1	2	71	63	8	0	0	0	0	0	0	0	0	0	0	0	0	245	NULL
1014	1	2	59	55	4	0	0	0	0	0	0	0	0	0	0	0	0	218	NULL
1014	1	2	68	65	3	0	0	0	0	0	0	0	0	0	0	0	0	247	NULL
1014	1	2	131	32	1	0	0	0	0	0	0	0	0	0	0	0	0	167	NULL
1014	1	2	63	63	0	0	0	0	0	0	0	0	0	0	0	0	0	253	NULL
1014	1	2	59	53	6	0	0	0	0	0	0	0	0	0	0	0	0	218	NULL
1014	1	2	88	49	5	0	0	0	0	0	0	0	0	0	0	0	0	224	NULL
1014	1	2	153	148	5	0	0	0	0	0	0	0	0	0	0	0	0	157	NULL
1014	1	2	178	178	0	0	0	0	0	0	0	0	0	0	0	0	0	93	NULL
1014	1	2	65	64	1	0	0	0	0	0	0	0	0	0	0	0	0	252	NULL
1014	1	2	61	59	2	0	0	0	0	0	0	0	0	0	0	0	0	217	NULL
1014	1	2	205	203	2	0	0	0	0	0	0	0	0	0	0	0	0	123	NULL
1014	1	2	67	62	5	0	0	0	0	0	0	0	0	0	0	0	0	214	NULL
1014	1	2	75	51	2	0	0	0	0	0	0	0	0	0	0	0	0	225	NULL
1014	1	2	67	65	2	0	0	0	0	0	0	0	0	0	0	0	0	221	NULL
1014	1	2	73	66	7	0	0	0	0	0	0	0	0	0	0	0	0	246	NULL
1014	1	2	68	63	5	0	0	0	0	0	0	0	0	0	0	0	0	246	NULL
1014	1	2	63	61	2	0	0	0	0	0	0	0	0	0	0	0	0	219	NULL
1014	1	2	255	60	4	0	0	0	0	0	0	0	0	0	0	0	0	190	NULL
1014	1	2	34	34	0	0	0	0	0	0	0	0	0	0	0	0	0	126	NULL
1014	1	2	69	64	5	0	0	0	0	0	0	0	0	0	0	0	0	247	NULL
1014	1	2	59	54	5	0	0	0	0	0	0	0	0	0	0	0	0	219	NULL
1014	1	2	67	62	5	0	0	0	0	0	0	0	0	0	0	0	0	221	NULL
1014	1	2	141	137	4	0	0	0	0	0	0	0	0	0	0	0	0	187	NULL
1014	1	2	217	215	2	0	0	0	0	0	0	0	0	0	0	0	0	127	NULL
1014	1	2	53	46	7	0	0	0	0	0	0	0	0	0	0	0	0	183	NULL
1014	1	2	78	71	7	0	0	0	0	0	0	0	0	0	0	0	0	248	NULL
1014	1	2	104	102	2	0	0	0	0	0	0	0	0	0	0	0	0	163	NULL
1014	1	2	120	3	117	0	0	0	0	0	0	0	0	0	0	0	0	96	NULL
1014	1	2	260	2	209	0	0	0	0	0	0	0	0	0	0	0	0	64	NULL
1014	1	2	93	45	8	0	0	0	0	0	0	0	0	0	0	0	0	186	NULL
1014	1	2	201	172	29	0	0	0	0	0	0	0	0	0	0	0	0	218	NULL
1014	1	2	322	320	2	0	0	0	0	0	0	0	0	0	0	0	0	65	NULL
1014	1	2	29	23	6	0	0	0	0	0	0	0	0	0	0	0	0	90	NULL
1014	1	2	188	40	3	0	0	0	0	0	0	0	0	0	0	0	0	196	NULL
1014	1	2	195	195	0	0	0	0	0	0	0	0	0	0	0	0	0	31	NULL
1014	1	2	105	5	100	0	0	0	0	0	0	0	0	0	0	0	0	161	NULL
1014	1	2	466	1	434	0	0	0	0	0	0	0	0	0	0	0	0	78	NULL
1014	1	2	18	18	0	0	0	0	0	0	0	0	0	0	0	0	0	62	NULL
1014	1	2	70	68	2	0	0	0	0	0	0	0	0	0	0	0	0	218	NULL
1014	1	2	273	139	134	0	0	0	0	0	0	0	0	0	0	0	0	129	NULL
1014	1	2	184	183	1	0	0	0	0	0	0	0	0	0	0	0	0	61	NULL
1014	1	2	170	169	1	0	0	0	0	0	0	0	0	0	0	0	0	96	NULL
1014	1	2	124	93	29	2	0	0	0	0	0	0	0	0	0	0	0	193	NULL
1014	1	2	178	178	0	0	0	0	0	0	0	0	0	0	0	0	0	36	NULL
1014	1	2	456	6	2	0	0	0	0	0	0	0	0	0	0	0	0	61	NULL
1014	1	2	220	151	0	0	0	0	0	0	0	0	0	0	0	0	0	32	NULL
1014	1	2	406	2	404	0	0	0	0	0	0	0	0	0	0	0	0	62	NULL
1014	1	2	171	55	1	0	0	0	0	0	0	0	0	0	0	0	0	160	NULL
1014	1	2	120	84	2	0	0	0	0	0	0	0	0	0	0	0	0	96	NULL
1014	1	2	184	70	1	0	0	0	0	0	0	0	0	0	0	0	0	110	NULL
1014	1	2	364	15	128	0	0	0	0	0	0	0	0	0	0	0	0	132	NULL
1014	1	2	298	189	62	0	0	0	0	0	0	0	0	0	0	0	0	83	NULL
equipment_id	lane_no	stage_no	total_down_time	prev_proc_wait_time	next_proc_wait_time	singl_cycl_stop_time	chip_supp_wait_time	sldr_ctr_wait_time	sldr_snsr_wait_time	cln_paper_wait_time	brcg_time	cperr_count	dataedit	mente	othrstop_count	prodview	unitadjust	real_run_time	last_col
1012	1	1	44335	3912	37216	750	666	0	0	0	0	0	0	0	0	0	0	61222	NULL
1012	1	2	30401	3481	20602	512	4514	0	0	0	0	0	0	0	0	0	0	46142	NULL
1014	1	1	44486	17630	6676	421	8847	0	0	0	0	0	0	0	0	0	0	63743	NULL
1014	1	2	40757	25961	4390	379	725	0	0	0	0	0	0	0	0	0	0	33615	NULL
