machno lane filetype label seconds
1 1 u01 copy_file-1225-return 0.00650511579191919
2 1 u01 copy_file-1225-return 0.00679074253306613
3 1 u01 copy_file-1225-return 0.00611796629761905
4 1 u01 copy_file-1225-return 0.00608818172978304
5 1 u01 copy_file-1225-return 0.00553755508678501
1 2 u01 copy_file-1225-return 0.006724841206
2 2 u01 copy_file-1225-return 0.00706273995418327
3 2 u01 copy_file-1225-return 0.00623180682840237
4 2 u01 copy_file-1225-return 0.00602138805098039
5 2 u01 copy_file-1225-return 0.00551868808627451
1 1 u03 copy_file-1225-return 0.0120291350651731
2 1 u03 copy_file-1225-return 0.0109493888873239
3 1 u03 copy_file-1225-return 0.00812786056461233
4 1 u03 copy_file-1225-return 0.00753852786111111
5 1 u03 copy_file-1225-return 0.00570723017751479
1 2 u03 copy_file-1225-return 0.0121814375702811
2 2 u03 copy_file-1225-return 0.012030856596
3 2 u03 copy_file-1225-return 0.00837460760474308
4 2 u03 copy_file-1225-return 0.00832985803155819
5 2 u03 copy_file-1225-return 0.00561904324313725
1 1 u01 is_ok_to_process-10390-return 0.00326835372121212
2 1 u01 is_ok_to_process-10390-return 0.00338096736873747
3 1 u01 is_ok_to_process-10390-return 0.00321835993253968
4 1 u01 is_ok_to_process-10390-return 0.00337707443589744
5 1 u01 is_ok_to_process-10390-return 0.00316868471005917
1 2 u01 is_ok_to_process-10390-return 0.003252657598
2 2 u01 is_ok_to_process-10390-return 0.00332983990239044
3 2 u01 is_ok_to_process-10390-return 0.00323817149901381
4 2 u01 is_ok_to_process-10390-return 0.00325305500980392
5 2 u01 is_ok_to_process-10390-return 0.00316915043921569
1 1 u03 is_ok_to_process-10390-return 0.00348981016089613
2 1 u03 is_ok_to_process-10390-return 0.00334838201810865
3 1 u03 is_ok_to_process-10390-return 0.00340226970178926
4 1 u03 is_ok_to_process-10390-return 0.00327661908730159
5 1 u03 is_ok_to_process-10390-return 0.00328868872978304
1 2 u03 is_ok_to_process-10390-return 0.00346449309638554
2 2 u03 is_ok_to_process-10390-return 0.003386530356
3 2 u03 is_ok_to_process-10390-return 0.00343072895454545
4 2 u03 is_ok_to_process-10390-return 0.00339460359566075
5 2 u03 is_ok_to_process-10390-return 0.00318585978627451
1 1 u01 management_reset-6511-return 5.38163636363636e-07
2 1 u01 management_reset-6511-return 3.70957915831663e-07
3 1 u01 management_reset-6511-return 3.82513888888889e-07
4 1 u01 management_reset-6511-return 7.05431952662722e-07
5 1 u01 management_reset-6511-return 3.61207100591716e-07
1 2 u01 management_reset-6511-return 6.04268e-07
2 2 u01 management_reset-6511-return 3.84629482071713e-07
3 2 u01 management_reset-6511-return 5.3218540433925e-07
4 2 u01 management_reset-6511-return 3.85052941176471e-07
5 2 u01 management_reset-6511-return 9.13339215686275e-07
1 1 u01 postprocess_u0X_file-1536-1673 0.00232594405252525
2 1 u01 postprocess_u0X_file-1536-1673 0.00220966737875752
3 1 u01 postprocess_u0X_file-1536-1673 0.00208125303174603
4 1 u01 postprocess_u0X_file-1536-1673 0.00225384825443787
5 1 u01 postprocess_u0X_file-1536-1673 0.00200443377317554
1 2 u01 postprocess_u0X_file-1536-1673 0.002154648778
2 2 u01 postprocess_u0X_file-1536-1673 0.00240186323705179
3 2 u01 postprocess_u0X_file-1536-1673 0.00218606036489152
4 2 u01 postprocess_u0X_file-1536-1673 0.00210692942352941
5 2 u01 postprocess_u0X_file-1536-1673 0.00195391179607843
1 1 u03 postprocess_u0X_file-1536-1673 0.00296272723828921
2 1 u03 postprocess_u0X_file-1536-1673 0.00292426493360161
3 1 u03 postprocess_u0X_file-1536-1673 0.00284633756858847
4 1 u03 postprocess_u0X_file-1536-1673 0.00296714053571429
5 1 u03 postprocess_u0X_file-1536-1673 0.00272984293293886
1 2 u03 postprocess_u0X_file-1536-1673 0.00287088766666667
2 2 u03 postprocess_u0X_file-1536-1673 0.002908977984
3 2 u03 postprocess_u0X_file-1536-1673 0.00286945431818182
4 2 u03 postprocess_u0X_file-1536-1673 0.00282679937869822
5 2 u03 postprocess_u0X_file-1536-1673 0.00279851353137255
1 1 u01 postprocess_u0X_file-1675-1685 9.98468686868687e-07
2 1 u01 postprocess_u0X_file-1675-1685 4.65264529058116e-07
3 1 u01 postprocess_u0X_file-1675-1685 5.6210119047619e-07
4 1 u01 postprocess_u0X_file-1675-1685 6.32861932938856e-07
5 1 u01 postprocess_u0X_file-1675-1685 6.93635108481262e-07
1 2 u01 postprocess_u0X_file-1675-1685 5.90054e-07
2 2 u01 postprocess_u0X_file-1675-1685 7.16978087649402e-07
3 2 u01 postprocess_u0X_file-1675-1685 4.26854043392505e-07
4 2 u01 postprocess_u0X_file-1675-1685 4.73949019607843e-07
5 2 u01 postprocess_u0X_file-1675-1685 6.85329411764706e-07
1 1 u03 postprocess_u0X_file-1675-1685 5.22160896130346e-07
2 1 u03 postprocess_u0X_file-1675-1685 6.68802816901408e-07
3 1 u03 postprocess_u0X_file-1675-1685 4.49471172962227e-07
4 1 u03 postprocess_u0X_file-1675-1685 4.63462301587302e-07
5 1 u03 postprocess_u0X_file-1675-1685 6.02800788954635e-07
1 2 u03 postprocess_u0X_file-1675-1685 7.76180722891566e-07
2 2 u03 postprocess_u0X_file-1675-1685 5.55494e-07
3 2 u03 postprocess_u0X_file-1675-1685 4.95806324110672e-07
4 2 u03 postprocess_u0X_file-1675-1685 7.13094674556213e-07
5 2 u03 postprocess_u0X_file-1675-1685 4.70356862745098e-07
1 1 u01 postprocess_u0X_file-1687-return 4.1494303030303e-06
2 1 u01 postprocess_u0X_file-1687-return 4.51153907815631e-06
3 1 u01 postprocess_u0X_file-1687-return 4.0529503968254e-06
4 1 u01 postprocess_u0X_file-1687-return 4.53671203155819e-06
5 1 u01 postprocess_u0X_file-1687-return 4.69122879684418e-06
1 2 u01 postprocess_u0X_file-1687-return 4.810266e-06
2 2 u01 postprocess_u0X_file-1687-return 4.69184462151394e-06
3 2 u01 postprocess_u0X_file-1687-return 3.92308875739645e-06
4 2 u01 postprocess_u0X_file-1687-return 4.94237450980392e-06
5 2 u01 postprocess_u0X_file-1687-return 4.31346862745098e-06
1 1 u03 postprocess_u0X_file-1687-return 3.79122606924644e-06
2 1 u03 postprocess_u0X_file-1687-return 4.04774849094567e-06
3 1 u03 postprocess_u0X_file-1687-return 3.91075546719682e-06
4 1 u03 postprocess_u0X_file-1687-return 3.56859920634921e-06
5 1 u03 postprocess_u0X_file-1687-return 3.69690729783037e-06
1 2 u03 postprocess_u0X_file-1687-return 3.71643373493976e-06
2 2 u03 postprocess_u0X_file-1687-return 4.274716e-06
3 2 u03 postprocess_u0X_file-1687-return 3.75545256916996e-06
4 2 u03 postprocess_u0X_file-1687-return 3.99693885601578e-06
5 2 u03 postprocess_u0X_file-1687-return 3.85161764705882e-06
1 1 u01 preprocess_u0X_file-1357-1480 0.000324712246464646
2 1 u01 preprocess_u0X_file-1357-1480 0.000422145863727455
3 1 u01 preprocess_u0X_file-1357-1480 0.000236424803571429
4 1 u01 preprocess_u0X_file-1357-1480 0.000292926810650888
5 1 u01 preprocess_u0X_file-1357-1480 0.000129885548323471
1 2 u01 preprocess_u0X_file-1357-1480 0.000297317422
2 2 u01 preprocess_u0X_file-1357-1480 0.000385381207171315
3 2 u01 preprocess_u0X_file-1357-1480 0.000268719183431953
4 2 u01 preprocess_u0X_file-1357-1480 0.000236911462745098
5 2 u01 preprocess_u0X_file-1357-1480 0.000212529684313725
1 1 u03 preprocess_u0X_file-1357-1480 0.000294622044806517
2 1 u03 preprocess_u0X_file-1357-1480 0.000251017289738431
3 1 u03 preprocess_u0X_file-1357-1480 0.000186449791252485
4 1 u03 preprocess_u0X_file-1357-1480 0.00018380521031746
5 1 u03 preprocess_u0X_file-1357-1480 0.000111853142011834
1 2 u03 preprocess_u0X_file-1357-1480 0.000230483536144578
2 2 u03 preprocess_u0X_file-1357-1480 0.000263858294
3 2 u03 preprocess_u0X_file-1357-1480 0.000196928351778656
4 2 u03 preprocess_u0X_file-1357-1480 0.000151364
5 2 u03 preprocess_u0X_file-1357-1480 0.000117310658823529
1 1 u01 preprocess_u0X_file-1485-1501 9.62436363636364e-07
2 1 u01 preprocess_u0X_file-1485-1501 5.14018036072144e-07
3 1 u01 preprocess_u0X_file-1485-1501 1.01816071428571e-06
4 1 u01 preprocess_u0X_file-1485-1501 6.11765285996055e-07
5 1 u01 preprocess_u0X_file-1485-1501 5.48658777120316e-07
1 2 u01 preprocess_u0X_file-1485-1501 6.02402e-07
2 2 u01 preprocess_u0X_file-1485-1501 8.3644422310757e-07
3 2 u01 preprocess_u0X_file-1485-1501 5.47086785009862e-07
4 2 u01 preprocess_u0X_file-1485-1501 7.40223529411765e-07
5 2 u01 preprocess_u0X_file-1485-1501 7.15858823529412e-07
1 1 u03 preprocess_u0X_file-1485-1501 4.98745417515275e-07
2 1 u03 preprocess_u0X_file-1485-1501 7.60879275653924e-07
3 1 u03 preprocess_u0X_file-1485-1501 5.00745526838966e-07
4 1 u03 preprocess_u0X_file-1485-1501 6.34509920634921e-07
5 1 u03 preprocess_u0X_file-1485-1501 7.84895463510848e-07
1 2 u03 preprocess_u0X_file-1485-1501 4.27385542168675e-07
2 2 u03 preprocess_u0X_file-1485-1501 5.33646e-07
3 2 u03 preprocess_u0X_file-1485-1501 4.83120553359684e-07
4 2 u03 preprocess_u0X_file-1485-1501 7.13542406311637e-07
5 2 u03 preprocess_u0X_file-1485-1501 7.19758823529412e-07
1 1 u01 preprocess_u0X_file-1503-return 4.62996767676768e-06
2 1 u01 preprocess_u0X_file-1503-return 5.134749498998e-06
3 1 u01 preprocess_u0X_file-1503-return 4.85345833333333e-06
4 1 u01 preprocess_u0X_file-1503-return 4.37408284023669e-06
5 1 u01 preprocess_u0X_file-1503-return 4.17464694280079e-06
1 2 u01 preprocess_u0X_file-1503-return 5.335746e-06
2 2 u01 preprocess_u0X_file-1503-return 4.76553984063745e-06
3 2 u01 preprocess_u0X_file-1503-return 5.57208678500986e-06
4 2 u01 preprocess_u0X_file-1503-return 4.48882941176471e-06
5 2 u01 preprocess_u0X_file-1503-return 6.1573862745098e-06
1 1 u03 preprocess_u0X_file-1503-return 4.13843177189409e-06
2 1 u03 preprocess_u0X_file-1503-return 5.02995774647887e-06
3 1 u03 preprocess_u0X_file-1503-return 4.13064413518887e-06
4 1 u03 preprocess_u0X_file-1503-return 4.13646626984127e-06
5 1 u03 preprocess_u0X_file-1503-return 4.19579487179487e-06
1 2 u03 preprocess_u0X_file-1503-return 4.06134738955823e-06
2 2 u03 preprocess_u0X_file-1503-return 5.33581e-06
3 2 u03 preprocess_u0X_file-1503-return 4.17140118577075e-06
4 2 u03 preprocess_u0X_file-1503-return 3.77250690335306e-06
5 2 u03 preprocess_u0X_file-1503-return 4.54939411764706e-06
1 1 u03 process_mount_log_file_data-4077-return 0.137324274553971
2 1 u03 process_mount_log_file_data-4077-return 0.126127075273642
3 1 u03 process_mount_log_file_data-4077-return 0.0816642159860835
4 1 u03 process_mount_log_file_data-4077-return 0.0606476415515873
5 1 u03 process_mount_log_file_data-4077-return 0.0158449449605523
1 2 u03 process_mount_log_file_data-4077-return 0.172251665524096
2 2 u03 process_mount_log_file_data-4077-return 0.197581258836
3 2 u03 process_mount_log_file_data-4077-return 0.111172030903162
4 2 u03 process_mount_log_file_data-4077-return 0.0980248654299803
5 2 u03 process_mount_log_file_data-4077-return 0.0136660252686275
1 1 u01 process_u01_file-1719-1740 3.74309494949495e-05
2 1 u01 process_u01_file-1719-1740 5.14109458917836e-05
3 1 u01 process_u01_file-1719-1740 3.42889226190476e-05
4 1 u01 process_u01_file-1719-1740 3.64265266272189e-05
5 1 u01 process_u01_file-1719-1740 2.74139408284024e-05
1 2 u01 process_u01_file-1719-1740 3.4418096e-05
2 2 u01 process_u01_file-1719-1740 4.32970478087649e-05
3 2 u01 process_u01_file-1719-1740 3.36626252465483e-05
4 2 u01 process_u01_file-1719-1740 3.65136745098039e-05
5 2 u01 process_u01_file-1719-1740 2.99432803921569e-05
1 1 u01 process_u01_file-1741-1743 7.21044686868687e-05
2 1 u01 process_u01_file-1741-1743 6.4823132264529e-05
3 1 u01 process_u01_file-1741-1743 6.48624801587302e-05
4 1 u01 process_u01_file-1741-1743 6.45079033530572e-05
5 1 u01 process_u01_file-1741-1743 5.2997573964497e-05
1 2 u01 process_u01_file-1741-1743 6.536432e-05
2 2 u01 process_u01_file-1741-1743 6.92161474103586e-05
3 2 u01 process_u01_file-1741-1743 6.23043274161736e-05
4 2 u01 process_u01_file-1741-1743 5.8273737254902e-05
5 2 u01 process_u01_file-1741-1743 5.09815941176471e-05
1 1 u01 process_u01_file-1744-1800 7.83163757575758e-05
2 1 u01 process_u01_file-1744-1800 0.000326145583166333
3 1 u01 process_u01_file-1744-1800 7.84008333333333e-05
4 1 u01 process_u01_file-1744-1800 7.56550729783037e-05
5 1 u01 process_u01_file-1744-1800 5.68455897435897e-05
1 2 u01 process_u01_file-1744-1800 7.4857102e-05
2 2 u01 process_u01_file-1744-1800 0.000365124472111554
3 2 u01 process_u01_file-1744-1800 7.87544852071006e-05
4 2 u01 process_u01_file-1744-1800 7.37928549019608e-05
5 2 u01 process_u01_file-1744-1800 5.89641647058824e-05
1 1 u01 process_u01_file-1801-1809 0.00671223082828283
2 1 u01 process_u01_file-1801-1809 0.00632645033867735
3 1 u01 process_u01_file-1801-1809 0.00459792781944444
4 1 u01 process_u01_file-1801-1809 0.00449014952662722
5 1 u01 process_u01_file-1801-1809 0.00253315073767258
1 2 u01 process_u01_file-1801-1809 0.004901918382
2 2 u01 process_u01_file-1801-1809 0.00772754373705179
3 2 u01 process_u01_file-1801-1809 0.00543846967455621
4 2 u01 process_u01_file-1801-1809 0.00431558480980392
5 2 u01 process_u01_file-1801-1809 0.00222954972352941
1 1 u01 process_u01_file-1810-1848 3.24245575757576e-05
2 1 u01 process_u01_file-1810-1848 3.02970901803607e-05
3 1 u01 process_u01_file-1810-1848 2.80549404761905e-05
4 1 u01 process_u01_file-1810-1848 2.94140374753452e-05
5 1 u01 process_u01_file-1810-1848 2.46379901380671e-05
1 2 u01 process_u01_file-1810-1848 4.9875758e-05
2 2 u01 process_u01_file-1810-1848 4.56277888446215e-05
3 2 u01 process_u01_file-1810-1848 4.50621932938856e-05
4 2 u01 process_u01_file-1810-1848 4.64999843137255e-05
5 2 u01 process_u01_file-1810-1848 4.17637176470588e-05
1 1 u01 process_u01_file-1859-2161 0.0025934518
2 1 u01 process_u01_file-1859-2161 0.00272357052304609
3 1 u01 process_u01_file-1859-2161 0.00267969512698413
4 1 u01 process_u01_file-1859-2161 0.00266497171597633
5 1 u01 process_u01_file-1859-2161 0.00249443309664694
1 2 u01 process_u01_file-1859-2161 0.00212589969
2 2 u01 process_u01_file-1859-2161 0.0020790464501992
3 2 u01 process_u01_file-1859-2161 0.00208975366469428
4 2 u01 process_u01_file-1859-2161 0.0020637519372549
5 2 u01 process_u01_file-1859-2161 0.00193774974705882
1 1 u01 process_u01_file-2173-return 0.000144531206060606
2 1 u01 process_u01_file-2173-return 0.000163405362725451
3 1 u01 process_u01_file-2173-return 0.000139569662698413
4 1 u01 process_u01_file-2173-return 0.000119141812623274
5 1 u01 process_u01_file-2173-return 9.93339230769231e-05
1 2 u01 process_u01_file-2173-return 0.000116900952
2 2 u01 process_u01_file-2173-return 0.00017931421314741
3 2 u01 process_u01_file-2173-return 0.000144798400394477
4 2 u01 process_u01_file-2173-return 0.000123210305882353
5 2 u01 process_u01_file-2173-return 8.94162666666667e-05
1 1 u03 process_u03_file-2208-2230 6.90798085539715e-05
2 1 u03 process_u03_file-2208-2230 6.58513943661972e-05
3 1 u03 process_u03_file-2208-2230 6.57214314115308e-05
4 1 u03 process_u03_file-2208-2230 6.01735714285714e-05
5 1 u03 process_u03_file-2208-2230 5.788416765286e-05
1 2 u03 process_u03_file-2208-2230 6.53924678714859e-05
2 2 u03 process_u03_file-2208-2230 6.9764772e-05
3 2 u03 process_u03_file-2208-2230 6.29543972332016e-05
4 2 u03 process_u03_file-2208-2230 6.48497633136095e-05
5 2 u03 process_u03_file-2208-2230 5.84141647058824e-05
1 1 u03 process_u03_file-2231-2233 5.14795784114053e-05
2 1 u03 process_u03_file-2231-2233 5.5932060362173e-05
3 1 u03 process_u03_file-2231-2233 4.97373359840954e-05
4 1 u03 process_u03_file-2231-2233 5.45811388888889e-05
5 1 u03 process_u03_file-2231-2233 4.96053786982249e-05
1 2 u03 process_u03_file-2231-2233 4.86167108433735e-05
2 2 u03 process_u03_file-2231-2233 5.4363536e-05
3 2 u03 process_u03_file-2231-2233 5.26148359683794e-05
4 2 u03 process_u03_file-2231-2233 5.191e-05
5 2 u03 process_u03_file-2231-2233 4.82587784313725e-05
1 1 u03 process_u03_file-2234-2274 4.64891364562118e-05
2 1 u03 process_u03_file-2234-2274 4.66905613682093e-05
3 1 u03 process_u03_file-2234-2274 4.21386043737575e-05
4 1 u03 process_u03_file-2234-2274 4.53881904761905e-05
5 1 u03 process_u03_file-2234-2274 4.20887554240631e-05
1 2 u03 process_u03_file-2234-2274 5.01422871485944e-05
2 2 u03 process_u03_file-2234-2274 4.4683368e-05
3 2 u03 process_u03_file-2234-2274 4.25937588932806e-05
4 2 u03 process_u03_file-2234-2274 4.31179408284024e-05
5 2 u03 process_u03_file-2234-2274 4.15254941176471e-05
1 1 u03 process_u03_file-2275-2284 0.0296563670488798
2 1 u03 process_u03_file-2275-2284 0.0267828727183099
3 1 u03 process_u03_file-2275-2284 0.0155174913797217
4 1 u03 process_u03_file-2275-2284 0.0092513876765873
5 1 u03 process_u03_file-2275-2284 0.00249750797238659
1 2 u03 process_u03_file-2275-2284 0.0366680200863454
2 2 u03 process_u03_file-2275-2284 0.0368621161
3 2 u03 process_u03_file-2275-2284 0.019452398770751
4 2 u03 process_u03_file-2275-2284 0.0154929942761341
5 2 u03 process_u03_file-2275-2284 0.00223017228039216
1 1 u03 process_u03_file-2285-2352 0.000146173806517312
2 1 u03 process_u03_file-2285-2352 0.000154234824949698
3 1 u03 process_u03_file-2285-2352 0.000115614948310139
4 1 u03 process_u03_file-2285-2352 8.79967222222222e-05
5 1 u03 process_u03_file-2285-2352 5.61461282051282e-05
1 2 u03 process_u03_file-2285-2352 0.000204526887550201
2 2 u03 process_u03_file-2285-2352 0.000218777384
3 2 u03 process_u03_file-2285-2352 0.00016133518972332
4 2 u03 process_u03_file-2285-2352 0.000140636800788955
5 2 u03 process_u03_file-2285-2352 9.33693862745098e-05
1 1 u03 process_u03_file-2353-2360 0.010721211700611
2 1 u03 process_u03_file-2353-2360 0.0187799094144869
3 1 u03 process_u03_file-2353-2360 0.012534136640159
4 1 u03 process_u03_file-2353-2360 0.0102388736845238
5 1 u03 process_u03_file-2353-2360 0.00492772458974359
1 2 u03 process_u03_file-2353-2360 0.010926381
2 2 u03 process_u03_file-2353-2360 0.019297375494
3 2 u03 process_u03_file-2353-2360 0.0123638093162055
4 2 u03 process_u03_file-2353-2360 0.0104082216370809
5 2 u03 process_u03_file-2353-2360 0.00492510035294118
1 1 u03 process_u03_file-2361-2574 0.0144145384541752
2 1 u03 process_u03_file-2361-2574 0.00858919902414487
3 1 u03 process_u03_file-2361-2574 0.00818376593638171
4 1 u03 process_u03_file-2361-2574 0.00929514009325397
5 1 u03 process_u03_file-2361-2574 0.00923189506903353
1 2 u03 process_u03_file-2361-2574 0.0142411768232932
2 2 u03 process_u03_file-2361-2574 0.008093809928
3 2 u03 process_u03_file-2361-2574 0.00797546440909091
4 2 u03 process_u03_file-2361-2574 0.00763070687376726
5 2 u03 process_u03_file-2361-2574 0.00815355731960784
1 1 u01 prod_general_processing-5082-5212 4.32736161616162e-06
2 1 u01 prod_general_processing-5082-5212 3.80057915831663e-06
3 1 u01 prod_general_processing-5082-5212 4.01148214285714e-06
4 1 u01 prod_general_processing-5082-5212 4.47475936883629e-06
5 1 u01 prod_general_processing-5082-5212 3.5630650887574e-06
1 2 u01 prod_general_processing-5082-5212 4.265442e-06
2 2 u01 prod_general_processing-5082-5212 4.76417529880478e-06
3 2 u01 prod_general_processing-5082-5212 3.92930966469428e-06
4 2 u01 prod_general_processing-5082-5212 4.2177431372549e-06
5 2 u01 prod_general_processing-5082-5212 3.3342568627451e-06
1 1 u01 prod_general_processing-5213-5221 0.0006706738
2 1 u01 prod_general_processing-5213-5221 0.000684676006012024
3 1 u01 prod_general_processing-5213-5221 0.00067119498015873
4 1 u01 prod_general_processing-5213-5221 0.000723350942800789
5 1 u01 prod_general_processing-5213-5221 0.000669311777120316
1 2 u01 prod_general_processing-5213-5221 0.000759222188
2 2 u01 prod_general_processing-5213-5221 0.000739089017928287
3 2 u01 prod_general_processing-5213-5221 0.000889716662721893
4 2 u01 prod_general_processing-5213-5221 0.000740541243137255
5 2 u01 prod_general_processing-5213-5221 0.000655840350980392
1 1 u01 prod_general_processing-5222-5267 2.61105263157895e-06
2 1 u01 prod_general_processing-5222-5267 2.34937951807229e-06
3 1 u01 prod_general_processing-5222-5267 2.92117097415507e-06
4 1 u01 prod_general_processing-5222-5267 2.59576086956522e-06
5 1 u01 prod_general_processing-5222-5267 2.25432411067194e-06
1 2 u01 prod_general_processing-5222-5267 2.60334268537074e-06
2 2 u01 prod_general_processing-5222-5267 2.45781636726547e-06
3 2 u01 prod_general_processing-5222-5267 2.95638735177866e-06
4 2 u01 prod_general_processing-5222-5267 2.71666011787819e-06
5 2 u01 prod_general_processing-5222-5267 2.53386444007859e-06
1 1 u01 prod_general_processing-5222-5297 4.28e-06
2 1 u01 prod_general_processing-5222-5297 3.811e-06
3 1 u01 prod_general_processing-5222-5297 4.325e-06
4 1 u01 prod_general_processing-5222-5297 4.867e-06
5 1 u01 prod_general_processing-5222-5297 2.5392e-05
1 2 u01 prod_general_processing-5222-5297 5.418e-06
2 2 u01 prod_general_processing-5222-5297 4.151e-06
3 2 u01 prod_general_processing-5222-5297 4.147e-06
4 2 u01 prod_general_processing-5222-5297 4.193e-06
5 2 u01 prod_general_processing-5222-5297 4.739e-06
1 1 u01 prod_general_processing-5268-5276 0.000635194921052632
2 1 u01 prod_general_processing-5268-5276 0.00066499496184739
3 1 u01 prod_general_processing-5268-5276 0.000713269755467197
4 1 u01 prod_general_processing-5268-5276 0.000639211424901186
5 1 u01 prod_general_processing-5268-5276 0.000790225480237154
1 2 u01 prod_general_processing-5268-5276 0.000627497394789579
2 2 u01 prod_general_processing-5268-5276 0.000700003916167665
3 2 u01 prod_general_processing-5268-5276 0.000698345772727273
4 2 u01 prod_general_processing-5268-5276 0.00101814740667976
5 2 u01 prod_general_processing-5268-5276 0.000869873950884086
1 1 u01 prod_general_processing-5277-5297 3.92945748987854e-06
2 1 u01 prod_general_processing-5277-5297 4.01556425702811e-06
3 1 u01 prod_general_processing-5277-5297 3.74022862823062e-06
4 1 u01 prod_general_processing-5277-5297 4.42287944664032e-06
5 1 u01 prod_general_processing-5277-5297 3.54259881422925e-06
1 2 u01 prod_general_processing-5277-5297 4.40418236472946e-06
2 2 u01 prod_general_processing-5277-5297 4.07454291417166e-06
3 2 u01 prod_general_processing-5277-5297 3.65755533596838e-06
4 2 u01 prod_general_processing-5277-5297 3.65726326129666e-06
5 2 u01 prod_general_processing-5277-5297 3.33368172888016e-06
1 1 u01 prod_general_processing-5298-5300 2.66590101010101e-06
2 1 u01 prod_general_processing-5298-5300 2.41456713426854e-06
3 1 u01 prod_general_processing-5298-5300 2.29717857142857e-06
4 1 u01 prod_general_processing-5298-5300 2.59678303747535e-06
5 1 u01 prod_general_processing-5298-5300 2.59678500986193e-06
1 2 u01 prod_general_processing-5298-5300 2.429852e-06
2 2 u01 prod_general_processing-5298-5300 3.01562749003984e-06
3 2 u01 prod_general_processing-5298-5300 2.53576331360947e-06
4 2 u01 prod_general_processing-5298-5300 2.76962549019608e-06
5 2 u01 prod_general_processing-5298-5300 2.54060392156863e-06
1 1 u01 prod_general_processing-5301-5307 3.67359595959596e-07
2 1 u01 prod_general_processing-5301-5307 6.75430861723447e-07
3 1 u01 prod_general_processing-5301-5307 3.61119047619048e-07
4 1 u01 prod_general_processing-5301-5307 3.94544378698225e-07
5 1 u01 prod_general_processing-5301-5307 4.37047337278107e-07
1 2 u01 prod_general_processing-5301-5307 3.8789e-07
2 2 u01 prod_general_processing-5301-5307 4.05294820717131e-07
3 2 u01 prod_general_processing-5301-5307 5.09704142011834e-07
4 2 u01 prod_general_processing-5301-5307 3.61309803921569e-07
5 2 u01 prod_general_processing-5301-5307 3.50188235294118e-07
1 1 u01 prod_general_processing-5308-5316 0.00489416927272727
2 1 u01 prod_general_processing-5308-5316 0.00491408633867736
3 1 u01 prod_general_processing-5308-5316 0.0046123284265873
4 1 u01 prod_general_processing-5308-5316 0.00481566027021696
5 1 u01 prod_general_processing-5308-5316 0.00420350934319527
1 2 u01 prod_general_processing-5308-5316 0.005028437946
2 2 u01 prod_general_processing-5308-5316 0.00475813475896414
3 2 u01 prod_general_processing-5308-5316 0.00464441336094675
4 2 u01 prod_general_processing-5308-5316 0.00486658423333333
5 2 u01 prod_general_processing-5308-5316 0.00422021338627451
1 1 u01 prod_general_processing-5317-5334 1.44307878787879e-06
2 1 u01 prod_general_processing-5317-5334 1.38278156312625e-06
3 1 u01 prod_general_processing-5317-5334 1.60127579365079e-06
4 1 u01 prod_general_processing-5317-5334 1.91159960552268e-06
5 1 u01 prod_general_processing-5317-5334 1.5760315581854e-06
1 2 u01 prod_general_processing-5317-5334 3.625762e-06
2 2 u01 prod_general_processing-5317-5334 1.46987250996016e-06
3 2 u01 prod_general_processing-5317-5334 1.51412623274162e-06
4 2 u01 prod_general_processing-5317-5334 1.80040588235294e-06
5 2 u01 prod_general_processing-5317-5334 1.46392352941176e-06
1 1 u01 prod_general_processing-5335-5353 0.000645421280808081
2 1 u01 prod_general_processing-5335-5353 0.000698943591182365
3 1 u01 prod_general_processing-5335-5353 0.000648961071428571
4 1 u01 prod_general_processing-5335-5353 0.000624902850098619
5 1 u01 prod_general_processing-5335-5353 0.000770511613412229
1 2 u01 prod_general_processing-5335-5353 0.000692437492
2 2 u01 prod_general_processing-5335-5353 0.000678447374501992
3 2 u01 prod_general_processing-5335-5353 0.000651765806706114
4 2 u01 prod_general_processing-5335-5353 0.000627261035294118
5 2 u01 prod_general_processing-5335-5353 0.000738144949019608
1 1 u01 prod_general_processing-5354-5392 5.0513528340081e-05
2 1 u01 prod_general_processing-5354-5392 4.55934718875502e-05
3 1 u01 prod_general_processing-5354-5392 4.56605666003976e-05
4 1 u01 prod_general_processing-5354-5392 4.75543695652174e-05
5 1 u01 prod_general_processing-5354-5392 4.53955098814229e-05
1 2 u01 prod_general_processing-5354-5392 4.84253887775551e-05
2 2 u01 prod_general_processing-5354-5392 4.8261373253493e-05
3 2 u01 prod_general_processing-5354-5392 4.93159328063241e-05
4 2 u01 prod_general_processing-5354-5392 4.82588310412574e-05
5 2 u01 prod_general_processing-5354-5392 4.44925029469548e-05
1 1 u01 prod_general_processing-5354-return 3.4783e-05
2 1 u01 prod_general_processing-5354-return 3.3215e-05
3 1 u01 prod_general_processing-5354-return 3.3847e-05
4 1 u01 prod_general_processing-5354-return 4.6874e-05
5 1 u01 prod_general_processing-5354-return 3.3888e-05
1 2 u01 prod_general_processing-5354-return 6.0361e-05
2 2 u01 prod_general_processing-5354-return 3.4981e-05
3 2 u01 prod_general_processing-5354-return 3.6272e-05
4 2 u01 prod_general_processing-5354-return 3.4893e-05
5 2 u01 prod_general_processing-5354-return 4.8849e-05
1 1 u01 prod_general_processing-5393-return 0.00443594379757085
2 1 u01 prod_general_processing-5393-return 0.00456675969076305
3 1 u01 prod_general_processing-5393-return 0.00456042331610338
4 1 u01 prod_general_processing-5393-return 0.00497274361857707
5 1 u01 prod_general_processing-5393-return 0.00403916274901186
1 2 u01 prod_general_processing-5393-return 0.00471906316432866
2 2 u01 prod_general_processing-5393-return 0.0044937776247505
3 2 u01 prod_general_processing-5393-return 0.00445557062252964
4 2 u01 prod_general_processing-5393-return 0.00461339924361493
5 2 u01 prod_general_processing-5393-return 0.00407924616895874
1 1 u01 prod_nozzle_processing-5614-5688 3.87797575757576e-06
2 1 u01 prod_nozzle_processing-5614-5688 4.89135270541082e-06
3 1 u01 prod_nozzle_processing-5614-5688 4.03212301587302e-06
4 1 u01 prod_nozzle_processing-5614-5688 4.20149309664694e-06
5 1 u01 prod_nozzle_processing-5614-5688 4.33256804733728e-06
1 2 u01 prod_nozzle_processing-5614-5688 4.750596e-06
2 2 u01 prod_nozzle_processing-5614-5688 4.6024780876494e-06
3 2 u01 prod_nozzle_processing-5614-5688 4.1193234714004e-06
4 2 u01 prod_nozzle_processing-5614-5688 3.94468431372549e-06
5 2 u01 prod_nozzle_processing-5614-5688 3.83419019607843e-06
1 1 u01 prod_nozzle_processing-5689-5697 0.000660327351515152
2 1 u01 prod_nozzle_processing-5689-5697 0.000695476871743487
3 1 u01 prod_nozzle_processing-5689-5697 0.000739535291666667
4 1 u01 prod_nozzle_processing-5689-5697 0.000697476382642998
5 1 u01 prod_nozzle_processing-5689-5697 0.000821391538461538
1 2 u01 prod_nozzle_processing-5689-5697 0.000724423584
2 2 u01 prod_nozzle_processing-5689-5697 0.000706093637450199
3 2 u01 prod_nozzle_processing-5689-5697 0.00070934623668639
4 2 u01 prod_nozzle_processing-5689-5697 0.000708452001960784
5 2 u01 prod_nozzle_processing-5689-5697 0.000798824043137255
1 1 u01 prod_nozzle_processing-5698-5739 5.62081983805668e-06
2 1 u01 prod_nozzle_processing-5698-5739 2.41993975903614e-06
3 1 u01 prod_nozzle_processing-5698-5739 2.20682703777336e-06
4 1 u01 prod_nozzle_processing-5698-5739 2.49940513833992e-06
5 1 u01 prod_nozzle_processing-5698-5739 2.04353557312253e-06
1 2 u01 prod_nozzle_processing-5698-5739 2.64688176352705e-06
2 2 u01 prod_nozzle_processing-5698-5739 2.90317365269461e-06
3 2 u01 prod_nozzle_processing-5698-5739 2.53362055335968e-06
4 2 u01 prod_nozzle_processing-5698-5739 2.30277406679764e-06
5 2 u01 prod_nozzle_processing-5698-5739 2.48535559921415e-06
1 1 u01 prod_nozzle_processing-5698-5808 7.732e-06
2 1 u01 prod_nozzle_processing-5698-5808 7.87e-06
3 1 u01 prod_nozzle_processing-5698-5808 1.7468e-05
4 1 u01 prod_nozzle_processing-5698-5808 1.0847e-05
5 1 u01 prod_nozzle_processing-5698-5808 1.2724e-05
1 2 u01 prod_nozzle_processing-5698-5808 1.0765e-05
2 2 u01 prod_nozzle_processing-5698-5808 8.359e-06
3 2 u01 prod_nozzle_processing-5698-5808 8.556e-06
4 2 u01 prod_nozzle_processing-5698-5808 8.144e-06
5 2 u01 prod_nozzle_processing-5698-5808 7.782e-06
1 1 u01 prod_nozzle_processing-5740-5748 0.00058036978340081
2 1 u01 prod_nozzle_processing-5740-5748 0.000753810827309237
3 1 u01 prod_nozzle_processing-5740-5748 0.00064495913916501
4 1 u01 prod_nozzle_processing-5740-5748 0.000625638173913043
5 1 u01 prod_nozzle_processing-5740-5748 0.00051389614229249
1 2 u01 prod_nozzle_processing-5740-5748 0.000628455146292585
2 2 u01 prod_nozzle_processing-5740-5748 0.000633066682634731
3 2 u01 prod_nozzle_processing-5740-5748 0.000648182268774704
4 2 u01 prod_nozzle_processing-5740-5748 0.000644934884086444
5 2 u01 prod_nozzle_processing-5740-5748 0.000663307359528487
1 1 u01 prod_nozzle_processing-5749-5808 9.50639271255061e-06
2 1 u01 prod_nozzle_processing-5749-5808 1.00092148594378e-05
3 1 u01 prod_nozzle_processing-5749-5808 9.8066421471173e-06
4 1 u01 prod_nozzle_processing-5749-5808 1.1075733201581e-05
5 1 u01 prod_nozzle_processing-5749-5808 9.2845533596838e-06
1 2 u01 prod_nozzle_processing-5749-5808 1.09387154308617e-05
2 2 u01 prod_nozzle_processing-5749-5808 9.63970658682635e-06
3 2 u01 prod_nozzle_processing-5749-5808 9.20481225296443e-06
4 2 u01 prod_nozzle_processing-5749-5808 1.20515972495088e-05
5 2 u01 prod_nozzle_processing-5749-5808 9.39850491159135e-06
1 1 u01 prod_nozzle_processing-5809-5817 0.00056256494760101
2 1 u01 prod_nozzle_processing-5809-5817 0.000623941603018537
3 1 u01 prod_nozzle_processing-5809-5817 0.000620454071552579
4 1 u01 prod_nozzle_processing-5809-5817 0.000635891377289377
5 1 u01 prod_nozzle_processing-5809-5817 0.000573916141354372
1 2 u01 prod_nozzle_processing-5809-5817 0.0005870585763125
2 2 u01 prod_nozzle_processing-5809-5817 0.000609896372074203
3 2 u01 prod_nozzle_processing-5809-5817 0.000617790177761341
4 2 u01 prod_nozzle_processing-5809-5817 0.00061198684493464
5 2 u01 prod_nozzle_processing-5809-5817 0.000613490078039216
3 1 u01 prod_nozzle_processing-5818-5808 0.0004201736
4 1 u01 prod_nozzle_processing-5818-5808 0.00099585175
5 1 u01 prod_nozzle_processing-5818-5808 0.0005093778
3 2 u01 prod_nozzle_processing-5818-5808 0.000518389
4 2 u01 prod_nozzle_processing-5818-5808 0.000478897666666667
5 2 u01 prod_nozzle_processing-5818-5808 0.00047528525
1 1 u01 prod_nozzle_processing-5818-5838 0.000484701458522727
2 1 u01 prod_nozzle_processing-5818-5838 0.000581630328093687
4 1 u01 prod_nozzle_processing-5818-5838 0.000589807085601578
1 2 u01 prod_nozzle_processing-5818-5838 0.000535253953625
2 2 u01 prod_nozzle_processing-5818-5838 0.000558542529008964
4 2 u01 prod_nozzle_processing-5818-5838 0.000601166337990196
3 1 u01 prod_nozzle_processing-5818-5947 0.000597419544607356
4 1 u01 prod_nozzle_processing-5818-5947 0.000571064199604743
5 1 u01 prod_nozzle_processing-5818-5947 0.00049583333201581
3 2 u01 prod_nozzle_processing-5818-5947 0.000594930852272727
4 2 u01 prod_nozzle_processing-5818-5947 0.000531846493614931
5 2 u01 prod_nozzle_processing-5818-5947 0.000488247075442043
3 1 u01 prod_nozzle_processing-5818-6005 0.000352494
5 1 u01 prod_nozzle_processing-5818-6005 0.001545803
3 2 u01 prod_nozzle_processing-5818-6005 0.000493108
4 2 u01 prod_nozzle_processing-5818-6005 0.00077284
5 2 u01 prod_nozzle_processing-5818-6005 0.000474713
1 1 u01 prod_nozzle_processing-5839-5889 0.00303806470688131
2 1 u01 prod_nozzle_processing-5839-5889 0.00315804550883016
4 1 u01 prod_nozzle_processing-5839-5889 0.00360029839526627
1 2 u01 prod_nozzle_processing-5839-5889 0.003041072986375
2 2 u01 prod_nozzle_processing-5839-5889 0.00325407172055528
4 2 u01 prod_nozzle_processing-5839-5889 0.00348634320637255
1 1 u01 prod_nozzle_processing-5890-5808 2.39476129032258e-05
2 1 u01 prod_nozzle_processing-5890-5808 3.66011290322581e-05
4 1 u01 prod_nozzle_processing-5890-5808 3.40414444444444e-05
1 2 u01 prod_nozzle_processing-5890-5808 2.48519032258065e-05
2 2 u01 prod_nozzle_processing-5890-5808 3.46213225806452e-05
4 2 u01 prod_nozzle_processing-5890-5808 2.55235e-05
1 1 u01 prod_nozzle_processing-5890-5947 9.73059950657895e-06
2 1 u01 prod_nozzle_processing-5890-5947 1.0775999560743e-05
4 1 u01 prod_nozzle_processing-5890-5947 1.05568011857708e-05
1 2 u01 prod_nozzle_processing-5890-5947 1.04285753381764e-05
2 2 u01 prod_nozzle_processing-5890-5947 1.08282707709581e-05
4 2 u01 prod_nozzle_processing-5890-5947 1.11905368369352e-05
1 1 u01 prod_nozzle_processing-5890-6005 1.6349e-05
2 1 u01 prod_nozzle_processing-5890-6005 1.6411e-05
4 1 u01 prod_nozzle_processing-5890-6005 1.6849e-05
1 2 u01 prod_nozzle_processing-5890-6005 2.106e-05
2 2 u01 prod_nozzle_processing-5890-6005 2.4705e-05
1 1 u01 prod_nozzle_processing-5948-5957 0.000572407697937753
2 1 u01 prod_nozzle_processing-5948-5957 0.000640251700991466
3 1 u01 prod_nozzle_processing-5948-5957 0.000626201195949304
4 1 u01 prod_nozzle_processing-5948-5957 0.000631129833568605
5 1 u01 prod_nozzle_processing-5948-5957 0.000568822251976285
1 2 u01 prod_nozzle_processing-5948-5957 0.000597727909068136
2 2 u01 prod_nozzle_processing-5948-5957 0.000622160779441118
3 2 u01 prod_nozzle_processing-5948-5957 0.000624819799160079
4 2 u01 prod_nozzle_processing-5948-5957 0.000621282104780616
5 2 u01 prod_nozzle_processing-5948-5957 0.000597824060117878
1 1 u01 prod_nozzle_processing-5958-5808 1.3481829045318e-05
2 1 u01 prod_nozzle_processing-5958-5808 1.49451859696852e-05
3 1 u01 prod_nozzle_processing-5958-5808 1.44276694499669e-05
4 1 u01 prod_nozzle_processing-5958-5808 1.51739499847978e-05
5 1 u01 prod_nozzle_processing-5958-5808 1.28381003952569e-05
1 2 u01 prod_nozzle_processing-5958-5808 1.41567981769992e-05
2 2 u01 prod_nozzle_processing-5958-5808 1.44548954993239e-05
3 2 u01 prod_nozzle_processing-5958-5808 1.43177160737813e-05
4 2 u01 prod_nozzle_processing-5958-5808 1.52148665833184e-05
5 2 u01 prod_nozzle_processing-5958-5808 1.33085987229862e-05
1 1 u01 prod_nozzle_processing-5958-6005 7.57413562753036e-06
2 1 u01 prod_nozzle_processing-5958-6005 8.15366465863454e-06
3 1 u01 prod_nozzle_processing-5958-6005 7.40702584493042e-06
4 1 u01 prod_nozzle_processing-5958-6005 7.38410869565217e-06
5 1 u01 prod_nozzle_processing-5958-6005 7.82056916996047e-06
1 2 u01 prod_nozzle_processing-5958-6005 7.15298396793587e-06
2 2 u01 prod_nozzle_processing-5958-6005 8.06847904191617e-06
3 2 u01 prod_nozzle_processing-5958-6005 1.30239090909091e-05
4 2 u01 prod_nozzle_processing-5958-6005 7.62278978388998e-06
5 2 u01 prod_nozzle_processing-5958-6005 8.03728487229863e-06
1 1 u01 prod_nozzle_processing-6006-6008 0.00168757219191919
2 1 u01 prod_nozzle_processing-6006-6008 0.00154265882164329
3 1 u01 prod_nozzle_processing-6006-6008 0.00262064278373016
4 1 u01 prod_nozzle_processing-6006-6008 0.00199439704142012
5 1 u01 prod_nozzle_processing-6006-6008 0.00214892789349112
1 2 u01 prod_nozzle_processing-6006-6008 0.001600771524
2 2 u01 prod_nozzle_processing-6006-6008 0.0014468696812749
3 2 u01 prod_nozzle_processing-6006-6008 0.0041448782504931
4 2 u01 prod_nozzle_processing-6006-6008 0.00292626068627451
5 2 u01 prod_nozzle_processing-6006-6008 0.0018628888254902
1 1 u01 prod_nozzle_processing-6009-return 1.96675151515152e-06
2 1 u01 prod_nozzle_processing-6009-return 1.86106412825651e-06
3 1 u01 prod_nozzle_processing-6009-return 1.89981547619048e-06
4 1 u01 prod_nozzle_processing-6009-return 1.69928599605523e-06
5 1 u01 prod_nozzle_processing-6009-return 1.90193885601578e-06
1 2 u01 prod_nozzle_processing-6009-return 2.07488e-06
2 2 u01 prod_nozzle_processing-6009-return 1.96973107569721e-06
3 2 u01 prod_nozzle_processing-6009-return 2.34576134122288e-06
4 2 u01 prod_nozzle_processing-6009-return 2.07085882352941e-06
5 2 u01 prod_nozzle_processing-6009-return 2.19440392156863e-06
1 1 u01 prod_unitreel_processing-6053-6145 6.35887676767677e-06
2 1 u01 prod_unitreel_processing-6053-6145 6.3290501002004e-06
3 1 u01 prod_unitreel_processing-6053-6145 6.83853174603175e-06
4 1 u01 prod_unitreel_processing-6053-6145 6.07078303747535e-06
5 1 u01 prod_unitreel_processing-6053-6145 6.47064299802761e-06
1 2 u01 prod_unitreel_processing-6053-6145 7.076954e-06
2 2 u01 prod_unitreel_processing-6053-6145 6.72311155378486e-06
3 2 u01 prod_unitreel_processing-6053-6145 7.49339053254438e-06
4 2 u01 prod_unitreel_processing-6053-6145 6.36251764705882e-06
5 2 u01 prod_unitreel_processing-6053-6145 6.16628823529412e-06
1 1 u01 prod_unitreel_processing-6146-6154 0.000619254131313131
2 1 u01 prod_unitreel_processing-6146-6154 0.000638272923847695
3 1 u01 prod_unitreel_processing-6146-6154 0.000715445700396825
4 1 u01 prod_unitreel_processing-6146-6154 0.000695256836291913
5 1 u01 prod_unitreel_processing-6146-6154 0.000584568112426036
1 2 u01 prod_unitreel_processing-6146-6154 0.000661904606
2 2 u01 prod_unitreel_processing-6146-6154 0.000658229735059761
3 2 u01 prod_unitreel_processing-6146-6154 0.00069394484418146
4 2 u01 prod_unitreel_processing-6146-6154 0.000684648149019608
5 2 u01 prod_unitreel_processing-6146-6154 0.000636740539215686
1 1 u01 prod_unitreel_processing-6155-6192 2.50731376518219e-06
2 1 u01 prod_unitreel_processing-6155-6192 2.28169477911647e-06
3 1 u01 prod_unitreel_processing-6155-6192 2.33344135188867e-06
4 1 u01 prod_unitreel_processing-6155-6192 2.10918181818182e-06
5 1 u01 prod_unitreel_processing-6155-6192 2.06048221343874e-06
1 2 u01 prod_unitreel_processing-6155-6192 2.74277955911824e-06
2 2 u01 prod_unitreel_processing-6155-6192 2.33234930139721e-06
3 2 u01 prod_unitreel_processing-6155-6192 2.39384782608696e-06
4 2 u01 prod_unitreel_processing-6155-6192 2.24286640471513e-06
5 2 u01 prod_unitreel_processing-6155-6192 2.18284086444008e-06
1 1 u01 prod_unitreel_processing-6155-6288 0.00162396
2 1 u01 prod_unitreel_processing-6155-6288 0.00036931
3 1 u01 prod_unitreel_processing-6155-6288 0.002454827
4 1 u01 prod_unitreel_processing-6155-6288 0.001296738
5 1 u01 prod_unitreel_processing-6155-6288 0.003418461
1 2 u01 prod_unitreel_processing-6155-6288 0.002091456
2 2 u01 prod_unitreel_processing-6155-6288 0.001240689
3 2 u01 prod_unitreel_processing-6155-6288 0.001410769
4 2 u01 prod_unitreel_processing-6155-6288 0.001591737
5 2 u01 prod_unitreel_processing-6155-6288 0.001669721
1 1 u01 prod_unitreel_processing-6193-6201 0.000522786753036437
2 1 u01 prod_unitreel_processing-6193-6201 0.000534463738955823
3 1 u01 prod_unitreel_processing-6193-6201 0.000634963499005964
4 1 u01 prod_unitreel_processing-6193-6201 0.000575144640316206
5 1 u01 prod_unitreel_processing-6193-6201 0.000673723614624506
1 2 u01 prod_unitreel_processing-6193-6201 0.000542732561122244
2 2 u01 prod_unitreel_processing-6193-6201 0.000606779996007984
3 2 u01 prod_unitreel_processing-6193-6201 0.000592316249011858
4 2 u01 prod_unitreel_processing-6193-6201 0.000563507518664047
5 2 u01 prod_unitreel_processing-6193-6201 0.000651589722986248
1 1 u01 prod_unitreel_processing-6202-6288 0.000546493386639676
2 1 u01 prod_unitreel_processing-6202-6288 0.000533917672690763
3 1 u01 prod_unitreel_processing-6202-6288 0.000612582347912525
4 1 u01 prod_unitreel_processing-6202-6288 0.000515045316205534
5 1 u01 prod_unitreel_processing-6202-6288 0.000482168984189723
1 2 u01 prod_unitreel_processing-6202-6288 0.000459775901803607
2 2 u01 prod_unitreel_processing-6202-6288 0.000605719520958084
3 2 u01 prod_unitreel_processing-6202-6288 0.000668271575098814
4 2 u01 prod_unitreel_processing-6202-6288 0.000516670691552063
5 2 u01 prod_unitreel_processing-6202-6288 0.000536243880157171
1 1 u01 prod_unitreel_processing-6289-6297 0.000570712718728956
2 1 u01 prod_unitreel_processing-6289-6297 0.000605637604572782
3 1 u01 prod_unitreel_processing-6289-6297 0.000652467788586048
4 1 u01 prod_unitreel_processing-6289-6297 0.000612024837568163
5 1 u01 prod_unitreel_processing-6289-6297 0.000616732478354134
1 2 u01 prod_unitreel_processing-6289-6297 0.000578287262869565
2 2 u01 prod_unitreel_processing-6289-6297 0.00060228857342936
3 2 u01 prod_unitreel_processing-6289-6297 0.000649603087906563
4 2 u01 prod_unitreel_processing-6289-6297 0.000608588075919118
5 2 u01 prod_unitreel_processing-6289-6297 0.000649595623822342
1 1 u01 prod_unitreel_processing-6298-6288 0.00111878823404255
2 1 u01 prod_unitreel_processing-6298-6288 0.0012840753255814
3 1 u01 prod_unitreel_processing-6298-6288 0.00125478759459459
4 1 u01 prod_unitreel_processing-6298-6288 0.00128329548484848
5 1 u01 prod_unitreel_processing-6298-6288 0.00179071953333333
1 2 u01 prod_unitreel_processing-6298-6288 0.001743155
2 2 u01 prod_unitreel_processing-6298-6288 0.00160056178125
3 2 u01 prod_unitreel_processing-6298-6288 0.00166187146
4 2 u01 prod_unitreel_processing-6298-6288 0.00190486848387097
5 2 u01 prod_unitreel_processing-6298-6288 0.00173624154545455
5 1 u01 prod_unitreel_processing-6298-6349 3.2872625e-05
5 2 u01 prod_unitreel_processing-6298-6349 2.03056e-05
1 1 u01 prod_unitreel_processing-6298-6377 1.88672806174089e-05
2 1 u01 prod_unitreel_processing-6298-6377 1.83515269715225e-05
3 1 u01 prod_unitreel_processing-6298-6377 1.97386750549336e-05
4 1 u01 prod_unitreel_processing-6298-6377 1.9404503371309e-05
5 1 u01 prod_unitreel_processing-6298-6377 2.44984759577795e-05
1 2 u01 prod_unitreel_processing-6298-6377 1.93266611483837e-05
2 2 u01 prod_unitreel_processing-6298-6377 1.86808268079226e-05
3 2 u01 prod_unitreel_processing-6298-6377 1.95878916918546e-05
4 2 u01 prod_unitreel_processing-6298-6377 1.86965061394892e-05
5 2 u01 prod_unitreel_processing-6298-6377 2.18218537704033e-05
1 1 u01 prod_unitreel_processing-6298-6469 3.3199e-05
2 1 u01 prod_unitreel_processing-6298-6469 2.5457e-05
3 1 u01 prod_unitreel_processing-6298-6469 2.4416e-05
4 1 u01 prod_unitreel_processing-6298-6469 2.4868e-05
5 1 u01 prod_unitreel_processing-6298-6469 4.3582e-05
1 2 u01 prod_unitreel_processing-6298-6469 3.6928e-05
2 2 u01 prod_unitreel_processing-6298-6469 2.5327e-05
3 2 u01 prod_unitreel_processing-6298-6469 2.9717e-05
4 2 u01 prod_unitreel_processing-6298-6469 3.4873e-05
5 2 u01 prod_unitreel_processing-6298-6469 2.5552e-05
5 1 u01 prod_unitreel_processing-6350-6353 5.88425e-06
5 2 u01 prod_unitreel_processing-6350-6353 2.44056e-05
5 1 u01 prod_unitreel_processing-6354-6377 4.713e-06
5 2 u01 prod_unitreel_processing-6354-6377 4.6534e-06
1 1 u01 prod_unitreel_processing-6378-6387 0.000579661864625506
2 1 u01 prod_unitreel_processing-6378-6387 0.000624194336025922
3 1 u01 prod_unitreel_processing-6378-6387 0.000660991776551219
4 1 u01 prod_unitreel_processing-6378-6387 0.000622958404208324
5 1 u01 prod_unitreel_processing-6378-6387 0.000213345704296875
1 2 u01 prod_unitreel_processing-6378-6387 0.000588688435218263
2 2 u01 prod_unitreel_processing-6378-6387 0.000616752822723783
3 2 u01 prod_unitreel_processing-6378-6387 0.000652778903472061
4 2 u01 prod_unitreel_processing-6378-6387 0.000622870541502947
5 2 u01 prod_unitreel_processing-6378-6387 0.000294946895794015
1 1 u01 prod_unitreel_processing-6388-6288 0.000735807827418382
2 1 u01 prod_unitreel_processing-6388-6288 0.000849923254179509
3 1 u01 prod_unitreel_processing-6388-6288 0.001126592117941
4 1 u01 prod_unitreel_processing-6388-6288 0.00106488581003713
5 1 u01 prod_unitreel_processing-6388-6288 0.000785401274296281
1 2 u01 prod_unitreel_processing-6388-6288 0.00110650333230097
2 2 u01 prod_unitreel_processing-6388-6288 0.000831599865955589
3 2 u01 prod_unitreel_processing-6388-6288 0.00108340852940711
4 2 u01 prod_unitreel_processing-6388-6288 0.00103810459097535
5 2 u01 prod_unitreel_processing-6388-6288 0.000602533688811695
1 1 u01 prod_unitreel_processing-6388-6469 9.81784817813765e-06
2 1 u01 prod_unitreel_processing-6388-6469 1.0426156626506e-05
3 1 u01 prod_unitreel_processing-6388-6469 1.0245745526839e-05
4 1 u01 prod_unitreel_processing-6388-6469 1.05705098814229e-05
5 1 u01 prod_unitreel_processing-6388-6469 1.07197806324111e-05
1 2 u01 prod_unitreel_processing-6388-6469 9.92405210420842e-06
2 2 u01 prod_unitreel_processing-6388-6469 1.09747964071856e-05
3 2 u01 prod_unitreel_processing-6388-6469 1.05706739130435e-05
4 2 u01 prod_unitreel_processing-6388-6469 1.00499037328094e-05
5 2 u01 prod_unitreel_processing-6388-6469 9.74907269155206e-06
1 1 u01 prod_unitreel_processing-6470-6472 0.00327202799393939
2 1 u01 prod_unitreel_processing-6470-6472 0.00222532243086172
3 1 u01 prod_unitreel_processing-6470-6472 0.00327372887103175
4 1 u01 prod_unitreel_processing-6470-6472 0.00338780917948718
5 1 u01 prod_unitreel_processing-6470-6472 0.00170383963510848
1 2 u01 prod_unitreel_processing-6470-6472 0.002463265228
2 2 u01 prod_unitreel_processing-6470-6472 0.00359835133665339
3 2 u01 prod_unitreel_processing-6470-6472 0.00409222533530572
4 2 u01 prod_unitreel_processing-6470-6472 0.00293977982745098
5 2 u01 prod_unitreel_processing-6470-6472 0.00267362407647059
1 1 u01 prod_unitreel_processing-6473-return 0.000548543197979798
2 1 u01 prod_unitreel_processing-6473-return 0.000471711368737475
3 1 u01 prod_unitreel_processing-6473-return 0.000492518168650794
4 1 u01 prod_unitreel_processing-6473-return 0.000490293840236686
5 1 u01 prod_unitreel_processing-6473-return 0.000329391650887574
1 2 u01 prod_unitreel_processing-6473-return 0.000395755468
2 2 u01 prod_unitreel_processing-6473-return 0.000753237262948207
3 2 u01 prod_unitreel_processing-6473-return 0.000563998084812623
4 2 u01 prod_unitreel_processing-6473-return 0.000476127135294118
5 2 u01 prod_unitreel_processing-6473-return 0.000329517235294118
1 1 u01 production_processing-4925-4960 6.79337777777778e-06
2 1 u01 production_processing-4925-4960 6.48817234468938e-06
3 1 u01 production_processing-4925-4960 6.50082738095238e-06
4 1 u01 production_processing-4925-4960 5.68453451676529e-06
5 1 u01 production_processing-4925-4960 0.00351856001775148
1 2 u01 production_processing-4925-4960 4.649706e-06
2 2 u01 production_processing-4925-4960 8.64775298804781e-06
3 2 u01 production_processing-4925-4960 6.69025443786982e-06
4 2 u01 production_processing-4925-4960 4.99238039215686e-06
5 2 u01 production_processing-4925-4960 0.0025198103372549
1 1 u01 production_processing-4973-4991 1.45052323232323e-06
2 1 u01 production_processing-4973-4991 1.77909218436874e-06
3 1 u01 production_processing-4973-4991 1.76850396825397e-06
4 1 u01 production_processing-4973-4991 1.67310453648915e-06
5 1 u01 production_processing-4973-4991 1.36618934911243e-06
1 2 u01 production_processing-4973-4991 2.117966e-06
2 2 u01 production_processing-4973-4991 1.65941035856574e-06
3 2 u01 production_processing-4973-4991 1.53708678500986e-06
4 2 u01 production_processing-4973-4991 1.47612352941176e-06
5 2 u01 production_processing-4973-4991 1.9625e-06
1 1 u01 production_processing-5004-5022 1.23016363636364e-06
2 1 u01 production_processing-5004-5022 1.12697795591182e-06
3 1 u01 production_processing-5004-5022 1.31732341269841e-06
4 1 u01 production_processing-5004-5022 1.28049309664694e-06
5 1 u01 production_processing-5004-5022 1.56719723865878e-06
1 2 u01 production_processing-5004-5022 1.365558e-06
2 2 u01 production_processing-5004-5022 1.06872509960159e-06
3 2 u01 production_processing-5004-5022 1.65185996055227e-06
4 2 u01 production_processing-5004-5022 1.41649215686275e-06
5 2 u01 production_processing-5004-5022 1.18485294117647e-06
1 1 u01 production_processing-5035-return 1.25879191919192e-06
2 1 u01 production_processing-5035-return 1.28744889779559e-06
3 1 u01 production_processing-5035-return 3.56735912698413e-06
4 1 u01 production_processing-5035-return 2.13078303747535e-06
5 1 u01 production_processing-5035-return 2.39881656804734e-06
1 2 u01 production_processing-5035-return 1.349862e-06
2 2 u01 production_processing-5035-return 1.36222908366534e-06
3 2 u01 production_processing-5035-return 1.84024654832347e-06
4 2 u01 production_processing-5035-return 2.15849019607843e-06
5 2 u01 production_processing-5035-return 2.10380980392157e-06
1 1 u01 RH_process_trace_file_msg-409-412 3.66711696969697e-05
2 1 u01 RH_process_trace_file_msg-409-412 4.10129078156313e-05
3 1 u01 RH_process_trace_file_msg-409-412 3.55481904761905e-05
4 1 u01 RH_process_trace_file_msg-409-412 4.20931597633136e-05
5 1 u01 RH_process_trace_file_msg-409-412 3.82814930966469e-05
1 2 u01 RH_process_trace_file_msg-409-412 3.4020732e-05
2 2 u01 RH_process_trace_file_msg-409-412 3.92673187250996e-05
3 2 u01 RH_process_trace_file_msg-409-412 4.5926134122288e-05
4 2 u01 RH_process_trace_file_msg-409-412 3.63600411764706e-05
5 2 u01 RH_process_trace_file_msg-409-412 4.42350411764706e-05
1 1 u03 RH_process_trace_file_msg-409-412 3.36737148676171e-05
2 1 u03 RH_process_trace_file_msg-409-412 3.38689134808853e-05
3 1 u03 RH_process_trace_file_msg-409-412 3.3607986083499e-05
4 1 u03 RH_process_trace_file_msg-409-412 3.73480456349206e-05
5 1 u03 RH_process_trace_file_msg-409-412 3.39146489151874e-05
1 2 u03 RH_process_trace_file_msg-409-412 3.24144598393574e-05
2 2 u03 RH_process_trace_file_msg-409-412 3.6820796e-05
3 2 u03 RH_process_trace_file_msg-409-412 3.48040553359684e-05
4 2 u03 RH_process_trace_file_msg-409-412 3.69022071005917e-05
5 2 u03 RH_process_trace_file_msg-409-412 3.36165568627451e-05
1 1 u01 RH_process_trace_file_msg-410-411 3.16757575757576e-07
2 1 u01 RH_process_trace_file_msg-410-411 3.4759118236473e-07
3 1 u01 RH_process_trace_file_msg-410-411 2.98551587301587e-07
4 1 u01 RH_process_trace_file_msg-410-411 3.0958382642998e-07
5 1 u01 RH_process_trace_file_msg-410-411 3.64883629191322e-07
1 2 u01 RH_process_trace_file_msg-410-411 3.70982e-07
2 2 u01 RH_process_trace_file_msg-410-411 3.55910358565737e-07
3 2 u01 RH_process_trace_file_msg-410-411 9.18370808678501e-07
4 2 u01 RH_process_trace_file_msg-410-411 3.43027450980392e-07
5 2 u01 RH_process_trace_file_msg-410-411 7.6203137254902e-07
1 1 u03 RH_process_trace_file_msg-410-411 4.92890020366599e-07
2 1 u03 RH_process_trace_file_msg-410-411 3.01788732394366e-07
3 1 u03 RH_process_trace_file_msg-410-411 2.98123260437376e-07
4 1 u03 RH_process_trace_file_msg-410-411 3.5322619047619e-07
5 1 u03 RH_process_trace_file_msg-410-411 2.96678500986193e-07
1 2 u03 RH_process_trace_file_msg-410-411 2.99090361445783e-07
2 2 u03 RH_process_trace_file_msg-410-411 3.7812e-07
3 2 u03 RH_process_trace_file_msg-410-411 7.45086956521739e-07
4 2 u03 RH_process_trace_file_msg-410-411 3.58136094674556e-07
5 2 u03 RH_process_trace_file_msg-410-411 3.06609803921569e-07
1 1 u01 RH_process_u01_file_msg-459-472 4.55844686868687e-05
2 1 u01 RH_process_u01_file_msg-459-472 4.63452885771543e-05
3 1 u01 RH_process_u01_file_msg-459-472 4.3289494047619e-05
4 1 u01 RH_process_u01_file_msg-459-472 4.34347475345168e-05
5 1 u01 RH_process_u01_file_msg-459-472 5.4002966469428e-05
1 2 u01 RH_process_u01_file_msg-459-472 4.3825192e-05
2 2 u01 RH_process_u01_file_msg-459-472 4.02026633466135e-05
3 2 u01 RH_process_u01_file_msg-459-472 4.16138520710059e-05
4 2 u01 RH_process_u01_file_msg-459-472 4.01920411764706e-05
5 2 u01 RH_process_u01_file_msg-459-472 4.36733039215686e-05
1 1 u01 RH_process_u01_file_msg-482-492 1.4242505050505e-06
2 1 u01 RH_process_u01_file_msg-482-492 1.71194388777555e-06
3 1 u01 RH_process_u01_file_msg-482-492 1.57381547619048e-06
4 1 u01 RH_process_u01_file_msg-482-492 1.84958579881657e-06
5 1 u01 RH_process_u01_file_msg-482-492 1.25180473372781e-06
1 2 u01 RH_process_u01_file_msg-482-492 1.447326e-06
2 2 u01 RH_process_u01_file_msg-482-492 1.14198804780877e-06
3 2 u01 RH_process_u01_file_msg-482-492 1.10771597633136e-06
4 2 u01 RH_process_u01_file_msg-482-492 1.17191568627451e-06
5 2 u01 RH_process_u01_file_msg-482-492 1.21122549019608e-06
1 1 u01 RH_process_u01_file_msg-501-537 1.73215232323232e-05
2 1 u01 RH_process_u01_file_msg-501-537 1.36964008016032e-05
3 1 u01 RH_process_u01_file_msg-501-537 1.2551878968254e-05
4 1 u01 RH_process_u01_file_msg-501-537 1.39750473372781e-05
5 1 u01 RH_process_u01_file_msg-501-537 1.24327869822485e-05
1 2 u01 RH_process_u01_file_msg-501-537 1.4020014e-05
2 2 u01 RH_process_u01_file_msg-501-537 1.39565896414343e-05
3 2 u01 RH_process_u01_file_msg-501-537 1.55007140039448e-05
4 2 u01 RH_process_u01_file_msg-501-537 1.34611039215686e-05
5 2 u01 RH_process_u01_file_msg-501-537 1.18208862745098e-05
1 1 u01 RH_process_u01_file_msg-547-634 0.000103955092929293
2 1 u01 RH_process_u01_file_msg-547-634 9.90657174348697e-05
3 1 u01 RH_process_u01_file_msg-547-634 0.000100337557539683
4 1 u01 RH_process_u01_file_msg-547-634 9.69517435897436e-05
5 1 u01 RH_process_u01_file_msg-547-634 9.55510788954635e-05
1 2 u01 RH_process_u01_file_msg-547-634 9.3783176e-05
2 2 u01 RH_process_u01_file_msg-547-634 0.000111924719123506
3 2 u01 RH_process_u01_file_msg-547-634 0.000109095816568047
4 2 u01 RH_process_u01_file_msg-547-634 9.4542168627451e-05
5 2 u01 RH_process_u01_file_msg-547-634 8.64982392156863e-05
1 1 u01 RH_process_u01_file_msg-644-650 5.00359595959596e-07
2 1 u01 RH_process_u01_file_msg-644-650 4.01759519038076e-07
3 1 u01 RH_process_u01_file_msg-644-650 1.1154880952381e-06
4 1 u01 RH_process_u01_file_msg-644-650 7.63986193293886e-07
5 1 u01 RH_process_u01_file_msg-644-650 4.17585798816568e-07
1 2 u01 RH_process_u01_file_msg-644-650 5.6875e-07
2 2 u01 RH_process_u01_file_msg-644-650 5.04247011952191e-07
3 2 u01 RH_process_u01_file_msg-644-650 3.96169625246548e-07
4 2 u01 RH_process_u01_file_msg-644-650 4.54082352941176e-07
5 2 u01 RH_process_u01_file_msg-644-650 4.26954901960784e-07
1 1 u01 RH_process_u01_file_msg-651-653 0.000247151404040404
2 1 u01 RH_process_u01_file_msg-651-653 0.000226432533066132
3 1 u01 RH_process_u01_file_msg-651-653 0.000244725575396825
4 1 u01 RH_process_u01_file_msg-651-653 0.000245745234714004
5 1 u01 RH_process_u01_file_msg-651-653 0.000260522871794872
1 2 u01 RH_process_u01_file_msg-651-653 0.000256883804
2 2 u01 RH_process_u01_file_msg-651-653 0.000237544440239044
3 2 u01 RH_process_u01_file_msg-651-653 0.00025141973964497
4 2 u01 RH_process_u01_file_msg-651-653 0.000254087909803922
5 2 u01 RH_process_u01_file_msg-651-653 0.000255519829411765
1 1 u01 RH_process_u01_file_msg-654-return 1.3189498989899e-05
2 1 u01 RH_process_u01_file_msg-654-return 1.12293867735471e-05
3 1 u01 RH_process_u01_file_msg-654-return 1.08607579365079e-05
4 1 u01 RH_process_u01_file_msg-654-return 1.22270118343195e-05
5 1 u01 RH_process_u01_file_msg-654-return 1.3987899408284e-05
1 2 u01 RH_process_u01_file_msg-654-return 1.2155056e-05
2 2 u01 RH_process_u01_file_msg-654-return 1.15496573705179e-05
3 2 u01 RH_process_u01_file_msg-654-return 1.04377337278107e-05
4 2 u01 RH_process_u01_file_msg-654-return 1.22646196078431e-05
5 2 u01 RH_process_u01_file_msg-654-return 1.2816537254902e-05
1 1 u03 RH_process_u03_file_msg-678-691 4.74579103869654e-05
2 1 u03 RH_process_u03_file_msg-678-691 4.11094486921529e-05
3 1 u03 RH_process_u03_file_msg-678-691 4.56407097415507e-05
4 1 u03 RH_process_u03_file_msg-678-691 4.2678246031746e-05
5 1 u03 RH_process_u03_file_msg-678-691 4.98074733727811e-05
1 2 u03 RH_process_u03_file_msg-678-691 4.21546686746988e-05
2 2 u03 RH_process_u03_file_msg-678-691 4.3305224e-05
3 2 u03 RH_process_u03_file_msg-678-691 4.06248339920949e-05
4 2 u03 RH_process_u03_file_msg-678-691 4.42057238658777e-05
5 2 u03 RH_process_u03_file_msg-678-691 4.23464294117647e-05
1 1 u03 RH_process_u03_file_msg-701-711 1.19547250509165e-06
2 1 u03 RH_process_u03_file_msg-701-711 1.31638631790744e-06
3 1 u03 RH_process_u03_file_msg-701-711 1.5404930417495e-06
4 1 u03 RH_process_u03_file_msg-701-711 1.17583531746032e-06
5 1 u03 RH_process_u03_file_msg-701-711 1.2944516765286e-06
1 2 u03 RH_process_u03_file_msg-701-711 2.1624718875502e-06
2 2 u03 RH_process_u03_file_msg-701-711 1.45232e-06
3 2 u03 RH_process_u03_file_msg-701-711 1.12168774703557e-06
4 2 u03 RH_process_u03_file_msg-701-711 1.18694280078895e-06
5 2 u03 RH_process_u03_file_msg-701-711 1.53587450980392e-06
1 1 u03 RH_process_u03_file_msg-720-743 8.04441955193483e-07
2 1 u03 RH_process_u03_file_msg-720-743 7.23627766599598e-07
3 1 u03 RH_process_u03_file_msg-720-743 6.06328031809145e-07
4 1 u03 RH_process_u03_file_msg-720-743 6.15099206349206e-07
5 1 u03 RH_process_u03_file_msg-720-743 9.29516765285996e-07
1 2 u03 RH_process_u03_file_msg-720-743 1.0336265060241e-06
2 2 u03 RH_process_u03_file_msg-720-743 7.00906e-07
3 2 u03 RH_process_u03_file_msg-720-743 6.25134387351779e-07
4 2 u03 RH_process_u03_file_msg-720-743 8.54607495069034e-07
5 2 u03 RH_process_u03_file_msg-720-743 1.69631764705882e-06
1 1 u03 RH_process_u03_file_msg-751-856 0.0446178833788187
2 1 u03 RH_process_u03_file_msg-751-856 0.0478830746338028
3 1 u03 RH_process_u03_file_msg-751-856 0.047439032111332
4 1 u03 RH_process_u03_file_msg-751-856 0.0515067290734127
5 1 u03 RH_process_u03_file_msg-751-856 0.0437465684852071
1 2 u03 RH_process_u03_file_msg-751-856 0.0448883479799197
2 2 u03 RH_process_u03_file_msg-751-856 0.050364230162
3 2 u03 RH_process_u03_file_msg-751-856 0.047824565673913
4 2 u03 RH_process_u03_file_msg-751-856 0.0514157929901381
5 2 u03 RH_process_u03_file_msg-751-856 0.0438177187764706
1 1 u03 trace_processing-2746-2876 0.00099805932790224
2 1 u03 trace_processing-2746-2876 0.00147710612676056
3 1 u03 trace_processing-2746-2876 0.00137881283101392
4 1 u03 trace_processing-2746-2876 0.00104339772222222
5 1 u03 trace_processing-2746-2876 0.00106727363905325
1 2 u03 trace_processing-2746-2876 0.00112665442369478
2 2 u03 trace_processing-2746-2876 0.001621214496
3 2 u03 trace_processing-2746-2876 0.00141649414426877
4 2 u03 trace_processing-2746-2876 0.00100123071400394
5 2 u03 trace_processing-2746-2876 0.00109582959607843
1 1 u03 trace_processing-2884-return 0.00277176693686354
2 1 u03 trace_processing-2884-return 0.00257659578269618
3 1 u03 trace_processing-2884-return 0.00318537302584493
4 1 u03 trace_processing-2884-return 0.00285411409920635
5 1 u03 trace_processing-2884-return 0.00588413795069034
1 2 u03 trace_processing-2884-return 0.00307142661646586
2 2 u03 trace_processing-2884-return 0.002753911818
3 2 u03 trace_processing-2884-return 0.00210817714229249
4 2 u03 trace_processing-2884-return 0.00293111587771203
5 2 u03 trace_processing-2884-return 0.00569149084901961
1 1 u01 unlink_file-1315-return 0.0016873321040404
2 1 u01 unlink_file-1315-return 0.00162292092184369
3 1 u01 unlink_file-1315-return 0.0016747610734127
4 1 u01 unlink_file-1315-return 0.00171356032248521
5 1 u01 unlink_file-1315-return 0.00164472081755424
1 2 u01 unlink_file-1315-return 0.00169492551
2 2 u01 unlink_file-1315-return 0.00163888447011952
3 2 u01 unlink_file-1315-return 0.00168983822189349
4 2 u01 unlink_file-1315-return 0.0016728712872549
5 2 u01 unlink_file-1315-return 0.00161176732058824
1 1 u03 unlink_file-1315-return 0.00176397235947047
2 1 u03 unlink_file-1315-return 0.00172919380382294
3 1 u03 unlink_file-1315-return 0.00177776669980119
4 1 u03 unlink_file-1315-return 0.00177780030456349
5 1 u03 unlink_file-1315-return 0.00163253108086785
1 2 u03 unlink_file-1315-return 0.00179583440562249
2 2 u03 unlink_file-1315-return 0.001726579011
3 2 u03 unlink_file-1315-return 0.00178912153557312
4 2 u03 unlink_file-1315-return 0.00176222123372781
5 2 u03 unlink_file-1315-return 0.00161592970882353
1 1 u01 unlink_proc_counters-10550-return 0.00327613448080808
2 1 u01 unlink_proc_counters-10550-return 0.00330975830661323
3 1 u01 unlink_proc_counters-10550-return 0.00329168763095238
4 1 u01 unlink_proc_counters-10550-return 0.0032872733234714
5 1 u01 unlink_proc_counters-10550-return 0.00298800529191322
1 2 u01 unlink_proc_counters-10550-return 0.00330657012
2 2 u01 unlink_proc_counters-10550-return 0.00335056364541833
3 2 u01 unlink_proc_counters-10550-return 0.0033586591913215
4 2 u01 unlink_proc_counters-10550-return 0.00327431241372549
5 2 u01 unlink_proc_counters-10550-return 0.00297501233137255
1 1 u03 unlink_proc_counters-10550-return 0.00310319662729124
2 1 u03 unlink_proc_counters-10550-return 0.00314448781086519
3 1 u03 unlink_proc_counters-10550-return 0.00308188770576541
4 1 u03 unlink_proc_counters-10550-return 0.0030130708531746
5 1 u03 unlink_proc_counters-10550-return 0.00293512098027613
1 2 u03 unlink_proc_counters-10550-return 0.0031888501626506
2 2 u03 unlink_proc_counters-10550-return 0.003108375046
3 2 u03 unlink_proc_counters-10550-return 0.00316632347826087
4 2 u03 unlink_proc_counters-10550-return 0.00303224001380671
5 2 u03 unlink_proc_counters-10550-return 0.00290661502941176
